Start auto log messages stack - Iteration 54.	[MsgId: MMSG-10545]
Starting action Action.	[MsgId: MMSG-15919]
Action.c(6): web_reg_save_param_ex started  	[MsgId: MMSG-26355]
Action.c(6): Registering web_reg_save_param_ex was successful  	[MsgId: MMSG-26390]
Action.c(15): web_reg_find started  	[MsgId: MMSG-26355]
Action.c(15): Registering web_reg_find was successful  	[MsgId: MMSG-26390]
Action.c(17): web_url("WebTours") started  	[MsgId: MMSG-26355]
Action.c(17): Detected non-resource "http://localhost:1080/WebTours/header.html" in "http://localhost:1080/WebTours/"  	[MsgId: MMSG-26574]
Action.c(17): Detected non-resource "http://localhost:1080/cgi-bin/welcome.pl?signOff=true" in "http://localhost:1080/WebTours/"  	[MsgId: MMSG-26574]
Action.c(17): Found resource "http://localhost:1080/WebTours/images/hp_logo.png" in HTML "http://localhost:1080/WebTours/header.html"  	[MsgId: MMSG-26659]
Action.c(17): Found resource "http://localhost:1080/WebTours/images/webtours.png" in HTML "http://localhost:1080/WebTours/header.html"  	[MsgId: MMSG-26659]
Action.c(17): Detected non-resource "http://localhost:1080/cgi-bin/nav.pl?in=home" in "http://localhost:1080/cgi-bin/welcome.pl?signOff=true"  	[MsgId: MMSG-26574]
Action.c(17): Detected non-resource "http://localhost:1080/WebTours/home.html" in "http://localhost:1080/cgi-bin/welcome.pl?signOff=true"  	[MsgId: MMSG-26574]
Action.c(17): Found resource "http://localhost:1080/WebTours/images/mer_login.gif" in HTML "http://localhost:1080/cgi-bin/nav.pl?in=home"  	[MsgId: MMSG-26659]
Action.c(17): Registered web_reg_find successful for "Text=Welcome to the Web Tours site" (count=1)  	[MsgId: MMSG-26364]
Action.c(17): web_url("WebTours") was successful, 10079 body bytes, 2371 header bytes, 24 chunking overhead bytes  	[MsgId: MMSG-26385]
Action.c(29): web_url("sign up now") started  	[MsgId: MMSG-26355]
Action.c(29): Found resource "http://localhost:1080/WebTours/profileValidate.js" in HTML "http://localhost:1080/cgi-bin/login.pl?username=&password=&getInfo=true"  	[MsgId: MMSG-26659]
Action.c(29): Found resource "http://localhost:1080/WebTours/images/button_next.gif" in HTML "http://localhost:1080/cgi-bin/login.pl?username=&password=&getInfo=true"  	[MsgId: MMSG-26659]
Action.c(29): web_url("sign up now") was successful, 14475 body bytes, 838 header bytes, 12 chunking overhead bytes  	[MsgId: MMSG-26385]
Action.c(45): web_reg_find started  	[MsgId: MMSG-26355]
Action.c(45): Registering web_reg_find was successful  	[MsgId: MMSG-26390]
Action.c(48): web_submit_data("login.pl") started  	[MsgId: MMSG-26355]
Action.c(48): Resource "http://localhost:1080/WebTours/profileValidate.js" is in the cache already and will not be downloaded again  	[MsgId: MMSG-26655]
Action.c(48): Resource "http://localhost:1080/WebTours/images/button_next.gif" is in the cache already and will not be downloaded again  	[MsgId: MMSG-26655]
Action.c(48): Error -26366: "Text=Thank you, <b>averina</b>, for registering and welcome to the Web Tours family." not found for web_reg_find  	[MsgId: MERR-26366]
End auto log messages stack.	[MsgId: MMSG-10544]


Start auto log messages stack - Iteration 55.	[MsgId: MMSG-10545]
Starting action Action.	[MsgId: MMSG-15919]
Action.c(6): web_reg_save_param_ex started  	[MsgId: MMSG-26355]
Action.c(6): Registering web_reg_save_param_ex was successful  	[MsgId: MMSG-26390]
Action.c(15): web_reg_find started  	[MsgId: MMSG-26355]
Action.c(15): Registering web_reg_find was successful  	[MsgId: MMSG-26390]
Action.c(17): web_url("WebTours") started  	[MsgId: MMSG-26355]
Action.c(17): Detected non-resource "http://localhost:1080/WebTours/header.html" in "http://localhost:1080/WebTours/"  	[MsgId: MMSG-26574]
Action.c(17): Detected non-resource "http://localhost:1080/cgi-bin/welcome.pl?signOff=true" in "http://localhost:1080/WebTours/"  	[MsgId: MMSG-26574]
Action.c(17): Found resource "http://localhost:1080/WebTours/images/hp_logo.png" in HTML "http://localhost:1080/WebTours/header.html"  	[MsgId: MMSG-26659]
Action.c(17): Found resource "http://localhost:1080/WebTours/images/webtours.png" in HTML "http://localhost:1080/WebTours/header.html"  	[MsgId: MMSG-26659]
Action.c(17): Detected non-resource "http://localhost:1080/cgi-bin/nav.pl?in=home" in "http://localhost:1080/cgi-bin/welcome.pl?signOff=true"  	[MsgId: MMSG-26574]
Action.c(17): Detected non-resource "http://localhost:1080/WebTours/home.html" in "http://localhost:1080/cgi-bin/welcome.pl?signOff=true"  	[MsgId: MMSG-26574]
Action.c(17): Found resource "http://localhost:1080/WebTours/images/mer_login.gif" in HTML "http://localhost:1080/cgi-bin/nav.pl?in=home"  	[MsgId: MMSG-26659]
Action.c(17): Registered web_reg_find successful for "Text=Welcome to the Web Tours site" (count=1)  	[MsgId: MMSG-26364]
Action.c(17): web_url("WebTours") was successful, 10079 body bytes, 2371 header bytes, 24 chunking overhead bytes  	[MsgId: MMSG-26385]
Action.c(29): web_url("sign up now") started  	[MsgId: MMSG-26355]
Action.c(29): Found resource "http://localhost:1080/WebTours/profileValidate.js" in HTML "http://localhost:1080/cgi-bin/login.pl?username=&password=&getInfo=true"  	[MsgId: MMSG-26659]
Action.c(29): Found resource "http://localhost:1080/WebTours/images/button_next.gif" in HTML "http://localhost:1080/cgi-bin/login.pl?username=&password=&getInfo=true"  	[MsgId: MMSG-26659]
Action.c(29): web_url("sign up now") was successful, 14475 body bytes, 838 header bytes, 12 chunking overhead bytes  	[MsgId: MMSG-26385]
Action.c(45): web_reg_find started  	[MsgId: MMSG-26355]
Action.c(45): Registering web_reg_find was successful  	[MsgId: MMSG-26390]
Action.c(48): web_submit_data("login.pl") started  	[MsgId: MMSG-26355]
Action.c(48): Resource "http://localhost:1080/WebTours/profileValidate.js" is in the cache already and will not be downloaded again  	[MsgId: MMSG-26655]
Action.c(48): Resource "http://localhost:1080/WebTours/images/button_next.gif" is in the cache already and will not be downloaded again  	[MsgId: MMSG-26655]
Action.c(48): Error -26366: "Text=Thank you, <b>aleksandrov</b>, for registering and welcome to the Web Tours family." not found for web_reg_find  	[MsgId: MERR-26366]
End auto log messages stack.	[MsgId: MMSG-10544]


Start auto log messages stack - Iteration 56.	[MsgId: MMSG-10545]
Starting action Action.	[MsgId: MMSG-15919]
Action.c(6): web_reg_save_param_ex started  	[MsgId: MMSG-26355]
Action.c(6): Registering web_reg_save_param_ex was successful  	[MsgId: MMSG-26390]
Action.c(15): web_reg_find started  	[MsgId: MMSG-26355]
Action.c(15): Registering web_reg_find was successful  	[MsgId: MMSG-26390]
Action.c(17): web_url("WebTours") started  	[MsgId: MMSG-26355]
Action.c(17): Detected non-resource "http://localhost:1080/WebTours/header.html" in "http://localhost:1080/WebTours/"  	[MsgId: MMSG-26574]
Action.c(17): Detected non-resource "http://localhost:1080/cgi-bin/welcome.pl?signOff=true" in "http://localhost:1080/WebTours/"  	[MsgId: MMSG-26574]
Action.c(17): Found resource "http://localhost:1080/WebTours/images/hp_logo.png" in HTML "http://localhost:1080/WebTours/header.html"  	[MsgId: MMSG-26659]
Action.c(17): Found resource "http://localhost:1080/WebTours/images/webtours.png" in HTML "http://localhost:1080/WebTours/header.html"  	[MsgId: MMSG-26659]
Action.c(17): Detected non-resource "http://localhost:1080/cgi-bin/nav.pl?in=home" in "http://localhost:1080/cgi-bin/welcome.pl?signOff=true"  	[MsgId: MMSG-26574]
Action.c(17): Detected non-resource "http://localhost:1080/WebTours/home.html" in "http://localhost:1080/cgi-bin/welcome.pl?signOff=true"  	[MsgId: MMSG-26574]
Action.c(17): Found resource "http://localhost:1080/WebTours/images/mer_login.gif" in HTML "http://localhost:1080/cgi-bin/nav.pl?in=home"  	[MsgId: MMSG-26659]
Action.c(17): Registered web_reg_find successful for "Text=Welcome to the Web Tours site" (count=1)  	[MsgId: MMSG-26364]
Action.c(17): web_url("WebTours") was successful, 10079 body bytes, 2371 header bytes, 24 chunking overhead bytes  	[MsgId: MMSG-26385]
Action.c(29): web_url("sign up now") started  	[MsgId: MMSG-26355]
Action.c(29): Found resource "http://localhost:1080/WebTours/profileValidate.js" in HTML "http://localhost:1080/cgi-bin/login.pl?username=&password=&getInfo=true"  	[MsgId: MMSG-26659]
Action.c(29): Found resource "http://localhost:1080/WebTours/images/button_next.gif" in HTML "http://localhost:1080/cgi-bin/login.pl?username=&password=&getInfo=true"  	[MsgId: MMSG-26659]
Action.c(29): web_url("sign up now") was successful, 14475 body bytes, 838 header bytes, 12 chunking overhead bytes  	[MsgId: MMSG-26385]
Action.c(45): web_reg_find started  	[MsgId: MMSG-26355]
Action.c(45): Registering web_reg_find was successful  	[MsgId: MMSG-26390]
Action.c(48): web_submit_data("login.pl") started  	[MsgId: MMSG-26355]
Action.c(48): Resource "http://localhost:1080/WebTours/profileValidate.js" is in the cache already and will not be downloaded again  	[MsgId: MMSG-26655]
Action.c(48): Resource "http://localhost:1080/WebTours/images/button_next.gif" is in the cache already and will not be downloaded again  	[MsgId: MMSG-26655]
Action.c(48): Error -26366: "Text=Thank you, <b>andreyev</b>, for registering and welcome to the Web Tours family." not found for web_reg_find  	[MsgId: MERR-26366]
End auto log messages stack.	[MsgId: MMSG-10544]


Start auto log messages stack - Iteration 57.	[MsgId: MMSG-10545]
Starting action Action.	[MsgId: MMSG-15919]
Action.c(6): web_reg_save_param_ex started  	[MsgId: MMSG-26355]
Action.c(6): Registering web_reg_save_param_ex was successful  	[MsgId: MMSG-26390]
Action.c(15): web_reg_find started  	[MsgId: MMSG-26355]
Action.c(15): Registering web_reg_find was successful  	[MsgId: MMSG-26390]
Action.c(17): web_url("WebTours") started  	[MsgId: MMSG-26355]
Action.c(17): Detected non-resource "http://localhost:1080/WebTours/header.html" in "http://localhost:1080/WebTours/"  	[MsgId: MMSG-26574]
Action.c(17): Detected non-resource "http://localhost:1080/cgi-bin/welcome.pl?signOff=true" in "http://localhost:1080/WebTours/"  	[MsgId: MMSG-26574]
Action.c(17): Found resource "http://localhost:1080/WebTours/images/hp_logo.png" in HTML "http://localhost:1080/WebTours/header.html"  	[MsgId: MMSG-26659]
Action.c(17): Found resource "http://localhost:1080/WebTours/images/webtours.png" in HTML "http://localhost:1080/WebTours/header.html"  	[MsgId: MMSG-26659]
Action.c(17): Detected non-resource "http://localhost:1080/cgi-bin/nav.pl?in=home" in "http://localhost:1080/cgi-bin/welcome.pl?signOff=true"  	[MsgId: MMSG-26574]
Action.c(17): Detected non-resource "http://localhost:1080/WebTours/home.html" in "http://localhost:1080/cgi-bin/welcome.pl?signOff=true"  	[MsgId: MMSG-26574]
Action.c(17): Found resource "http://localhost:1080/WebTours/images/mer_login.gif" in HTML "http://localhost:1080/cgi-bin/nav.pl?in=home"  	[MsgId: MMSG-26659]
Action.c(17): Registered web_reg_find successful for "Text=Welcome to the Web Tours site" (count=1)  	[MsgId: MMSG-26364]
Action.c(17): web_url("WebTours") was successful, 10072 body bytes, 2371 header bytes, 24 chunking overhead bytes  	[MsgId: MMSG-26385]
Action.c(29): web_url("sign up now") started  	[MsgId: MMSG-26355]
Action.c(29): Found resource "http://localhost:1080/WebTours/profileValidate.js" in HTML "http://localhost:1080/cgi-bin/login.pl?username=&password=&getInfo=true"  	[MsgId: MMSG-26659]
Action.c(29): Found resource "http://localhost:1080/WebTours/images/button_next.gif" in HTML "http://localhost:1080/cgi-bin/login.pl?username=&password=&getInfo=true"  	[MsgId: MMSG-26659]
Action.c(29): web_url("sign up now") was successful, 14475 body bytes, 838 header bytes, 12 chunking overhead bytes  	[MsgId: MMSG-26385]
Action.c(45): web_reg_find started  	[MsgId: MMSG-26355]
Action.c(45): Registering web_reg_find was successful  	[MsgId: MMSG-26390]
Action.c(48): web_submit_data("login.pl") started  	[MsgId: MMSG-26355]
Action.c(48): Resource "http://localhost:1080/WebTours/profileValidate.js" is in the cache already and will not be downloaded again  	[MsgId: MMSG-26655]
Action.c(48): Resource "http://localhost:1080/WebTours/images/button_next.gif" is in the cache already and will not be downloaded again  	[MsgId: MMSG-26655]
Action.c(48): Error -26366: "Text=Thank you, <b>anisimov</b>, for registering and welcome to the Web Tours family." not found for web_reg_find  	[MsgId: MERR-26366]
End auto log messages stack.	[MsgId: MMSG-10544]


Start auto log messages stack - Iteration 58.	[MsgId: MMSG-10545]
Starting action Action.	[MsgId: MMSG-15919]
Action.c(6): web_reg_save_param_ex started  	[MsgId: MMSG-26355]
Action.c(6): Registering web_reg_save_param_ex was successful  	[MsgId: MMSG-26390]
Action.c(15): web_reg_find started  	[MsgId: MMSG-26355]
Action.c(15): Registering web_reg_find was successful  	[MsgId: MMSG-26390]
Action.c(17): web_url("WebTours") started  	[MsgId: MMSG-26355]
Action.c(17): Detected non-resource "http://localhost:1080/WebTours/header.html" in "http://localhost:1080/WebTours/"  	[MsgId: MMSG-26574]
Action.c(17): Detected non-resource "http://localhost:1080/cgi-bin/welcome.pl?signOff=true" in "http://localhost:1080/WebTours/"  	[MsgId: MMSG-26574]
Action.c(17): Found resource "http://localhost:1080/WebTours/images/hp_logo.png" in HTML "http://localhost:1080/WebTours/header.html"  	[MsgId: MMSG-26659]
Action.c(17): Found resource "http://localhost:1080/WebTours/images/webtours.png" in HTML "http://localhost:1080/WebTours/header.html"  	[MsgId: MMSG-26659]
Action.c(17): Detected non-resource "http://localhost:1080/cgi-bin/nav.pl?in=home" in "http://localhost:1080/cgi-bin/welcome.pl?signOff=true"  	[MsgId: MMSG-26574]
Action.c(17): Detected non-resource "http://localhost:1080/WebTours/home.html" in "http://localhost:1080/cgi-bin/welcome.pl?signOff=true"  	[MsgId: MMSG-26574]
Action.c(17): Found resource "http://localhost:1080/WebTours/images/mer_login.gif" in HTML "http://localhost:1080/cgi-bin/nav.pl?in=home"  	[MsgId: MMSG-26659]
Action.c(17): Registered web_reg_find successful for "Text=Welcome to the Web Tours site" (count=1)  	[MsgId: MMSG-26364]
Action.c(17): web_url("WebTours") was successful, 10072 body bytes, 2371 header bytes, 24 chunking overhead bytes  	[MsgId: MMSG-26385]
Action.c(29): web_url("sign up now") started  	[MsgId: MMSG-26355]
Action.c(29): Found resource "http://localhost:1080/WebTours/profileValidate.js" in HTML "http://localhost:1080/cgi-bin/login.pl?username=&password=&getInfo=true"  	[MsgId: MMSG-26659]
Action.c(29): Found resource "http://localhost:1080/WebTours/images/button_next.gif" in HTML "http://localhost:1080/cgi-bin/login.pl?username=&password=&getInfo=true"  	[MsgId: MMSG-26659]
Action.c(29): web_url("sign up now") was successful, 14475 body bytes, 838 header bytes, 12 chunking overhead bytes  	[MsgId: MMSG-26385]
Action.c(45): web_reg_find started  	[MsgId: MMSG-26355]
Action.c(45): Registering web_reg_find was successful  	[MsgId: MMSG-26390]
Action.c(48): web_submit_data("login.pl") started  	[MsgId: MMSG-26355]
Action.c(48): Resource "http://localhost:1080/WebTours/profileValidate.js" is in the cache already and will not be downloaded again  	[MsgId: MMSG-26655]
Action.c(48): Resource "http://localhost:1080/WebTours/images/button_next.gif" is in the cache already and will not be downloaded again  	[MsgId: MMSG-26655]
Action.c(48): Error -26366: "Text=Thank you, <b>arkadyev</b>, for registering and welcome to the Web Tours family." not found for web_reg_find  	[MsgId: MERR-26366]
End auto log messages stack.	[MsgId: MMSG-10544]


Start auto log messages stack - Iteration 59.	[MsgId: MMSG-10545]
Starting action Action.	[MsgId: MMSG-15919]
Action.c(6): web_reg_save_param_ex started  	[MsgId: MMSG-26355]
Action.c(6): Registering web_reg_save_param_ex was successful  	[MsgId: MMSG-26390]
Action.c(15): web_reg_find started  	[MsgId: MMSG-26355]
Action.c(15): Registering web_reg_find was successful  	[MsgId: MMSG-26390]
Action.c(17): web_url("WebTours") started  	[MsgId: MMSG-26355]
Action.c(17): Detected non-resource "http://localhost:1080/WebTours/header.html" in "http://localhost:1080/WebTours/"  	[MsgId: MMSG-26574]
Action.c(17): Detected non-resource "http://localhost:1080/cgi-bin/welcome.pl?signOff=true" in "http://localhost:1080/WebTours/"  	[MsgId: MMSG-26574]
Action.c(17): Found resource "http://localhost:1080/WebTours/images/hp_logo.png" in HTML "http://localhost:1080/WebTours/header.html"  	[MsgId: MMSG-26659]
Action.c(17): Found resource "http://localhost:1080/WebTours/images/webtours.png" in HTML "http://localhost:1080/WebTours/header.html"  	[MsgId: MMSG-26659]
Action.c(17): Detected non-resource "http://localhost:1080/cgi-bin/nav.pl?in=home" in "http://localhost:1080/cgi-bin/welcome.pl?signOff=true"  	[MsgId: MMSG-26574]
Action.c(17): Detected non-resource "http://localhost:1080/WebTours/home.html" in "http://localhost:1080/cgi-bin/welcome.pl?signOff=true"  	[MsgId: MMSG-26574]
Action.c(17): Found resource "http://localhost:1080/WebTours/images/mer_login.gif" in HTML "http://localhost:1080/cgi-bin/nav.pl?in=home"  	[MsgId: MMSG-26659]
Action.c(17): Registered web_reg_find successful for "Text=Welcome to the Web Tours site" (count=1)  	[MsgId: MMSG-26364]
Action.c(17): web_url("WebTours") was successful, 10072 body bytes, 2371 header bytes, 24 chunking overhead bytes  	[MsgId: MMSG-26385]
Action.c(29): web_url("sign up now") started  	[MsgId: MMSG-26355]
Action.c(29): Found resource "http://localhost:1080/WebTours/profileValidate.js" in HTML "http://localhost:1080/cgi-bin/login.pl?username=&password=&getInfo=true"  	[MsgId: MMSG-26659]
Action.c(29): Found resource "http://localhost:1080/WebTours/images/button_next.gif" in HTML "http://localhost:1080/cgi-bin/login.pl?username=&password=&getInfo=true"  	[MsgId: MMSG-26659]
Action.c(29): web_url("sign up now") was successful, 14475 body bytes, 838 header bytes, 12 chunking overhead bytes  	[MsgId: MMSG-26385]
Action.c(45): web_reg_find started  	[MsgId: MMSG-26355]
Action.c(45): Registering web_reg_find was successful  	[MsgId: MMSG-26390]
Action.c(48): web_submit_data("login.pl") started  	[MsgId: MMSG-26355]
Action.c(48): Resource "http://localhost:1080/WebTours/profileValidate.js" is in the cache already and will not be downloaded again  	[MsgId: MMSG-26655]
Action.c(48): Resource "http://localhost:1080/WebTours/images/button_next.gif" is in the cache already and will not be downloaded again  	[MsgId: MMSG-26655]
Action.c(48): Error -26366: "Text=Thank you, <b>arkhipov</b>, for registering and welcome to the Web Tours family." not found for web_reg_find  	[MsgId: MERR-26366]
End auto log messages stack.	[MsgId: MMSG-10544]


Start auto log messages stack - Iteration 60.	[MsgId: MMSG-10545]
Starting action Action.	[MsgId: MMSG-15919]
Action.c(6): web_reg_save_param_ex started  	[MsgId: MMSG-26355]
Action.c(6): Registering web_reg_save_param_ex was successful  	[MsgId: MMSG-26390]
Action.c(15): web_reg_find started  	[MsgId: MMSG-26355]
Action.c(15): Registering web_reg_find was successful  	[MsgId: MMSG-26390]
Action.c(17): web_url("WebTours") started  	[MsgId: MMSG-26355]
Action.c(17): Detected non-resource "http://localhost:1080/WebTours/header.html" in "http://localhost:1080/WebTours/"  	[MsgId: MMSG-26574]
Action.c(17): Detected non-resource "http://localhost:1080/cgi-bin/welcome.pl?signOff=true" in "http://localhost:1080/WebTours/"  	[MsgId: MMSG-26574]
Action.c(17): Found resource "http://localhost:1080/WebTours/images/hp_logo.png" in HTML "http://localhost:1080/WebTours/header.html"  	[MsgId: MMSG-26659]
Action.c(17): Found resource "http://localhost:1080/WebTours/images/webtours.png" in HTML "http://localhost:1080/WebTours/header.html"  	[MsgId: MMSG-26659]
Action.c(17): Detected non-resource "http://localhost:1080/cgi-bin/nav.pl?in=home" in "http://localhost:1080/cgi-bin/welcome.pl?signOff=true"  	[MsgId: MMSG-26574]
Action.c(17): Detected non-resource "http://localhost:1080/WebTours/home.html" in "http://localhost:1080/cgi-bin/welcome.pl?signOff=true"  	[MsgId: MMSG-26574]
Action.c(17): Found resource "http://localhost:1080/WebTours/images/mer_login.gif" in HTML "http://localhost:1080/cgi-bin/nav.pl?in=home"  	[MsgId: MMSG-26659]
Action.c(17): Registered web_reg_find successful for "Text=Welcome to the Web Tours site" (count=1)  	[MsgId: MMSG-26364]
Action.c(17): web_url("WebTours") was successful, 10080 body bytes, 2371 header bytes, 24 chunking overhead bytes  	[MsgId: MMSG-26385]
Action.c(29): web_url("sign up now") started  	[MsgId: MMSG-26355]
Action.c(29): Found resource "http://localhost:1080/WebTours/profileValidate.js" in HTML "http://localhost:1080/cgi-bin/login.pl?username=&password=&getInfo=true"  	[MsgId: MMSG-26659]
Action.c(29): Found resource "http://localhost:1080/WebTours/images/button_next.gif" in HTML "http://localhost:1080/cgi-bin/login.pl?username=&password=&getInfo=true"  	[MsgId: MMSG-26659]
Action.c(29): web_url("sign up now") was successful, 14475 body bytes, 838 header bytes, 12 chunking overhead bytes  	[MsgId: MMSG-26385]
Action.c(45): web_reg_find started  	[MsgId: MMSG-26355]
Action.c(45): Registering web_reg_find was successful  	[MsgId: MMSG-26390]
Action.c(48): web_submit_data("login.pl") started  	[MsgId: MMSG-26355]
Action.c(48): Resource "http://localhost:1080/WebTours/profileValidate.js" is in the cache already and will not be downloaded again  	[MsgId: MMSG-26655]
Action.c(48): Resource "http://localhost:1080/WebTours/images/button_next.gif" is in the cache already and will not be downloaded again  	[MsgId: MMSG-26655]
Action.c(48): Error -26366: "Text=Thank you, <b>barinov</b>, for registering and welcome to the Web Tours family." not found for web_reg_find  	[MsgId: MERR-26366]
End auto log messages stack.	[MsgId: MMSG-10544]


Start auto log messages stack - Iteration 61.	[MsgId: MMSG-10545]
Starting action Action.	[MsgId: MMSG-15919]
Action.c(6): web_reg_save_param_ex started  	[MsgId: MMSG-26355]
Action.c(6): Registering web_reg_save_param_ex was successful  	[MsgId: MMSG-26390]
Action.c(15): web_reg_find started  	[MsgId: MMSG-26355]
Action.c(15): Registering web_reg_find was successful  	[MsgId: MMSG-26390]
Action.c(17): web_url("WebTours") started  	[MsgId: MMSG-26355]
Action.c(17): Detected non-resource "http://localhost:1080/WebTours/header.html" in "http://localhost:1080/WebTours/"  	[MsgId: MMSG-26574]
Action.c(17): Detected non-resource "http://localhost:1080/cgi-bin/welcome.pl?signOff=true" in "http://localhost:1080/WebTours/"  	[MsgId: MMSG-26574]
Action.c(17): Found resource "http://localhost:1080/WebTours/images/hp_logo.png" in HTML "http://localhost:1080/WebTours/header.html"  	[MsgId: MMSG-26659]
Action.c(17): Found resource "http://localhost:1080/WebTours/images/webtours.png" in HTML "http://localhost:1080/WebTours/header.html"  	[MsgId: MMSG-26659]
Action.c(17): Detected non-resource "http://localhost:1080/cgi-bin/nav.pl?in=home" in "http://localhost:1080/cgi-bin/welcome.pl?signOff=true"  	[MsgId: MMSG-26574]
Action.c(17): Detected non-resource "http://localhost:1080/WebTours/home.html" in "http://localhost:1080/cgi-bin/welcome.pl?signOff=true"  	[MsgId: MMSG-26574]
Action.c(17): Found resource "http://localhost:1080/WebTours/images/mer_login.gif" in HTML "http://localhost:1080/cgi-bin/nav.pl?in=home"  	[MsgId: MMSG-26659]
Action.c(17): Registered web_reg_find successful for "Text=Welcome to the Web Tours site" (count=1)  	[MsgId: MMSG-26364]
Action.c(17): web_url("WebTours") was successful, 10080 body bytes, 2371 header bytes, 24 chunking overhead bytes  	[MsgId: MMSG-26385]
Action.c(29): web_url("sign up now") started  	[MsgId: MMSG-26355]
Action.c(29): Found resource "http://localhost:1080/WebTours/profileValidate.js" in HTML "http://localhost:1080/cgi-bin/login.pl?username=&password=&getInfo=true"  	[MsgId: MMSG-26659]
Action.c(29): Found resource "http://localhost:1080/WebTours/images/button_next.gif" in HTML "http://localhost:1080/cgi-bin/login.pl?username=&password=&getInfo=true"  	[MsgId: MMSG-26659]
Action.c(29): web_url("sign up now") was successful, 14475 body bytes, 838 header bytes, 12 chunking overhead bytes  	[MsgId: MMSG-26385]
Action.c(45): web_reg_find started  	[MsgId: MMSG-26355]
Action.c(45): Registering web_reg_find was successful  	[MsgId: MMSG-26390]
Action.c(48): web_submit_data("login.pl") started  	[MsgId: MMSG-26355]
Action.c(48): Resource "http://localhost:1080/WebTours/profileValidate.js" is in the cache already and will not be downloaded again  	[MsgId: MMSG-26655]
Action.c(48): Resource "http://localhost:1080/WebTours/images/button_next.gif" is in the cache already and will not be downloaded again  	[MsgId: MMSG-26655]
Action.c(48): Error -26366: "Text=Thank you, <b>bezrukov</b>, for registering and welcome to the Web Tours family." not found for web_reg_find  	[MsgId: MERR-26366]
End auto log messages stack.	[MsgId: MMSG-10544]


Start auto log messages stack - Iteration 62.	[MsgId: MMSG-10545]
Starting action Action.	[MsgId: MMSG-15919]
Action.c(6): web_reg_save_param_ex started  	[MsgId: MMSG-26355]
Action.c(6): Registering web_reg_save_param_ex was successful  	[MsgId: MMSG-26390]
Action.c(15): web_reg_find started  	[MsgId: MMSG-26355]
Action.c(15): Registering web_reg_find was successful  	[MsgId: MMSG-26390]
Action.c(17): web_url("WebTours") started  	[MsgId: MMSG-26355]
Action.c(17): Detected non-resource "http://localhost:1080/WebTours/header.html" in "http://localhost:1080/WebTours/"  	[MsgId: MMSG-26574]
Action.c(17): Detected non-resource "http://localhost:1080/cgi-bin/welcome.pl?signOff=true" in "http://localhost:1080/WebTours/"  	[MsgId: MMSG-26574]
Action.c(17): Found resource "http://localhost:1080/WebTours/images/hp_logo.png" in HTML "http://localhost:1080/WebTours/header.html"  	[MsgId: MMSG-26659]
Action.c(17): Found resource "http://localhost:1080/WebTours/images/webtours.png" in HTML "http://localhost:1080/WebTours/header.html"  	[MsgId: MMSG-26659]
Action.c(17): Detected non-resource "http://localhost:1080/cgi-bin/nav.pl?in=home" in "http://localhost:1080/cgi-bin/welcome.pl?signOff=true"  	[MsgId: MMSG-26574]
Action.c(17): Detected non-resource "http://localhost:1080/WebTours/home.html" in "http://localhost:1080/cgi-bin/welcome.pl?signOff=true"  	[MsgId: MMSG-26574]
Action.c(17): Found resource "http://localhost:1080/WebTours/images/mer_login.gif" in HTML "http://localhost:1080/cgi-bin/nav.pl?in=home"  	[MsgId: MMSG-26659]
Action.c(17): Registered web_reg_find successful for "Text=Welcome to the Web Tours site" (count=1)  	[MsgId: MMSG-26364]
Action.c(17): web_url("WebTours") was successful, 10079 body bytes, 2371 header bytes, 24 chunking overhead bytes  	[MsgId: MMSG-26385]
Action.c(29): web_url("sign up now") started  	[MsgId: MMSG-26355]
Action.c(29): Found resource "http://localhost:1080/WebTours/profileValidate.js" in HTML "http://localhost:1080/cgi-bin/login.pl?username=&password=&getInfo=true"  	[MsgId: MMSG-26659]
Action.c(29): Found resource "http://localhost:1080/WebTours/images/button_next.gif" in HTML "http://localhost:1080/cgi-bin/login.pl?username=&password=&getInfo=true"  	[MsgId: MMSG-26659]
Action.c(29): web_url("sign up now") was successful, 14475 body bytes, 838 header bytes, 12 chunking overhead bytes  	[MsgId: MMSG-26385]
Action.c(45): web_reg_find started  	[MsgId: MMSG-26355]
Action.c(45): Registering web_reg_find was successful  	[MsgId: MMSG-26390]
Action.c(48): web_submit_data("login.pl") started  	[MsgId: MMSG-26355]
Action.c(48): Resource "http://localhost:1080/WebTours/profileValidate.js" is in the cache already and will not be downloaded again  	[MsgId: MMSG-26655]
Action.c(48): Resource "http://localhost:1080/WebTours/images/button_next.gif" is in the cache already and will not be downloaded again  	[MsgId: MMSG-26655]
Action.c(48): Error -26366: "Text=Thank you, <b>belokrylov</b>, for registering and welcome to the Web Tours family." not found for web_reg_find  	[MsgId: MERR-26366]
End auto log messages stack.	[MsgId: MMSG-10544]


Start auto log messages stack - Iteration 63.	[MsgId: MMSG-10545]
Starting action Action.	[MsgId: MMSG-15919]
Action.c(6): web_reg_save_param_ex started  	[MsgId: MMSG-26355]
Action.c(6): Registering web_reg_save_param_ex was successful  	[MsgId: MMSG-26390]
Action.c(15): web_reg_find started  	[MsgId: MMSG-26355]
Action.c(15): Registering web_reg_find was successful  	[MsgId: MMSG-26390]
Action.c(17): web_url("WebTours") started  	[MsgId: MMSG-26355]
Action.c(17): Detected non-resource "http://localhost:1080/WebTours/header.html" in "http://localhost:1080/WebTours/"  	[MsgId: MMSG-26574]
Action.c(17): Detected non-resource "http://localhost:1080/cgi-bin/welcome.pl?signOff=true" in "http://localhost:1080/WebTours/"  	[MsgId: MMSG-26574]
Action.c(17): Found resource "http://localhost:1080/WebTours/images/hp_logo.png" in HTML "http://localhost:1080/WebTours/header.html"  	[MsgId: MMSG-26659]
Action.c(17): Found resource "http://localhost:1080/WebTours/images/webtours.png" in HTML "http://localhost:1080/WebTours/header.html"  	[MsgId: MMSG-26659]
Action.c(17): Detected non-resource "http://localhost:1080/cgi-bin/nav.pl?in=home" in "http://localhost:1080/cgi-bin/welcome.pl?signOff=true"  	[MsgId: MMSG-26574]
Action.c(17): Detected non-resource "http://localhost:1080/WebTours/home.html" in "http://localhost:1080/cgi-bin/welcome.pl?signOff=true"  	[MsgId: MMSG-26574]
Action.c(17): Found resource "http://localhost:1080/WebTours/images/mer_login.gif" in HTML "http://localhost:1080/cgi-bin/nav.pl?in=home"  	[MsgId: MMSG-26659]
Action.c(17): Registered web_reg_find successful for "Text=Welcome to the Web Tours site" (count=1)  	[MsgId: MMSG-26364]
Action.c(17): web_url("WebTours") was successful, 10079 body bytes, 2371 header bytes, 24 chunking overhead bytes  	[MsgId: MMSG-26385]
Action.c(29): web_url("sign up now") started  	[MsgId: MMSG-26355]
Action.c(29): Found resource "http://localhost:1080/WebTours/profileValidate.js" in HTML "http://localhost:1080/cgi-bin/login.pl?username=&password=&getInfo=true"  	[MsgId: MMSG-26659]
Action.c(29): Found resource "http://localhost:1080/WebTours/images/button_next.gif" in HTML "http://localhost:1080/cgi-bin/login.pl?username=&password=&getInfo=true"  	[MsgId: MMSG-26659]
Action.c(29): web_url("sign up now") was successful, 14475 body bytes, 838 header bytes, 12 chunking overhead bytes  	[MsgId: MMSG-26385]
Action.c(45): web_reg_find started  	[MsgId: MMSG-26355]
Action.c(45): Registering web_reg_find was successful  	[MsgId: MMSG-26390]
Action.c(48): web_submit_data("login.pl") started  	[MsgId: MMSG-26355]
Action.c(48): Resource "http://localhost:1080/WebTours/profileValidate.js" is in the cache already and will not be downloaded again  	[MsgId: MMSG-26655]
Action.c(48): Resource "http://localhost:1080/WebTours/images/button_next.gif" is in the cache already and will not be downloaded again  	[MsgId: MMSG-26655]
Action.c(48): Error -26366: "Text=Thank you, <b>berdinskikh</b>, for registering and welcome to the Web Tours family." not found for web_reg_find  	[MsgId: MERR-26366]
End auto log messages stack.	[MsgId: MMSG-10544]


Start auto log messages stack - Iteration 64.	[MsgId: MMSG-10545]
Starting action Action.	[MsgId: MMSG-15919]
Action.c(6): web_reg_save_param_ex started  	[MsgId: MMSG-26355]
Action.c(6): Registering web_reg_save_param_ex was successful  	[MsgId: MMSG-26390]
Action.c(15): web_reg_find started  	[MsgId: MMSG-26355]
Action.c(15): Registering web_reg_find was successful  	[MsgId: MMSG-26390]
Action.c(17): web_url("WebTours") started  	[MsgId: MMSG-26355]
Action.c(17): Detected non-resource "http://localhost:1080/WebTours/header.html" in "http://localhost:1080/WebTours/"  	[MsgId: MMSG-26574]
Action.c(17): Detected non-resource "http://localhost:1080/cgi-bin/welcome.pl?signOff=true" in "http://localhost:1080/WebTours/"  	[MsgId: MMSG-26574]
Action.c(17): Found resource "http://localhost:1080/WebTours/images/hp_logo.png" in HTML "http://localhost:1080/WebTours/header.html"  	[MsgId: MMSG-26659]
Action.c(17): Found resource "http://localhost:1080/WebTours/images/webtours.png" in HTML "http://localhost:1080/WebTours/header.html"  	[MsgId: MMSG-26659]
Action.c(17): Detected non-resource "http://localhost:1080/cgi-bin/nav.pl?in=home" in "http://localhost:1080/cgi-bin/welcome.pl?signOff=true"  	[MsgId: MMSG-26574]
Action.c(17): Detected non-resource "http://localhost:1080/WebTours/home.html" in "http://localhost:1080/cgi-bin/welcome.pl?signOff=true"  	[MsgId: MMSG-26574]
Action.c(17): Found resource "http://localhost:1080/WebTours/images/mer_login.gif" in HTML "http://localhost:1080/cgi-bin/nav.pl?in=home"  	[MsgId: MMSG-26659]
Action.c(17): Registered web_reg_find successful for "Text=Welcome to the Web Tours site" (count=1)  	[MsgId: MMSG-26364]
Action.c(17): web_url("WebTours") was successful, 10076 body bytes, 2371 header bytes, 24 chunking overhead bytes  	[MsgId: MMSG-26385]
Action.c(29): web_url("sign up now") started  	[MsgId: MMSG-26355]
Action.c(29): Found resource "http://localhost:1080/WebTours/profileValidate.js" in HTML "http://localhost:1080/cgi-bin/login.pl?username=&password=&getInfo=true"  	[MsgId: MMSG-26659]
Action.c(29): Found resource "http://localhost:1080/WebTours/images/button_next.gif" in HTML "http://localhost:1080/cgi-bin/login.pl?username=&password=&getInfo=true"  	[MsgId: MMSG-26659]
Action.c(29): web_url("sign up now") was successful, 14475 body bytes, 838 header bytes, 12 chunking overhead bytes  	[MsgId: MMSG-26385]
Action.c(45): web_reg_find started  	[MsgId: MMSG-26355]
Action.c(45): Registering web_reg_find was successful  	[MsgId: MMSG-26390]
Action.c(48): web_submit_data("login.pl") started  	[MsgId: MMSG-26355]
Action.c(48): Resource "http://localhost:1080/WebTours/profileValidate.js" is in the cache already and will not be downloaded again  	[MsgId: MMSG-26655]
Action.c(48): Resource "http://localhost:1080/WebTours/images/button_next.gif" is in the cache already and will not be downloaded again  	[MsgId: MMSG-26655]
Action.c(48): Error -26366: "Text=Thank you, <b>berestov</b>, for registering and welcome to the Web Tours family." not found for web_reg_find  	[MsgId: MERR-26366]
End auto log messages stack.	[MsgId: MMSG-10544]


Start auto log messages stack - Iteration 65.	[MsgId: MMSG-10545]
Starting action Action.	[MsgId: MMSG-15919]
Action.c(6): web_reg_save_param_ex started  	[MsgId: MMSG-26355]
Action.c(6): Registering web_reg_save_param_ex was successful  	[MsgId: MMSG-26390]
Action.c(15): web_reg_find started  	[MsgId: MMSG-26355]
Action.c(15): Registering web_reg_find was successful  	[MsgId: MMSG-26390]
Action.c(17): web_url("WebTours") started  	[MsgId: MMSG-26355]
Action.c(17): Detected non-resource "http://localhost:1080/WebTours/header.html" in "http://localhost:1080/WebTours/"  	[MsgId: MMSG-26574]
Action.c(17): Detected non-resource "http://localhost:1080/cgi-bin/welcome.pl?signOff=true" in "http://localhost:1080/WebTours/"  	[MsgId: MMSG-26574]
Action.c(17): Found resource "http://localhost:1080/WebTours/images/hp_logo.png" in HTML "http://localhost:1080/WebTours/header.html"  	[MsgId: MMSG-26659]
Action.c(17): Found resource "http://localhost:1080/WebTours/images/webtours.png" in HTML "http://localhost:1080/WebTours/header.html"  	[MsgId: MMSG-26659]
Action.c(17): Detected non-resource "http://localhost:1080/cgi-bin/nav.pl?in=home" in "http://localhost:1080/cgi-bin/welcome.pl?signOff=true"  	[MsgId: MMSG-26574]
Action.c(17): Detected non-resource "http://localhost:1080/WebTours/home.html" in "http://localhost:1080/cgi-bin/welcome.pl?signOff=true"  	[MsgId: MMSG-26574]
Action.c(17): Found resource "http://localhost:1080/WebTours/images/mer_login.gif" in HTML "http://localhost:1080/cgi-bin/nav.pl?in=home"  	[MsgId: MMSG-26659]
Action.c(17): Registered web_reg_find successful for "Text=Welcome to the Web Tours site" (count=1)  	[MsgId: MMSG-26364]
Action.c(17): web_url("WebTours") was successful, 10076 body bytes, 2371 header bytes, 24 chunking overhead bytes  	[MsgId: MMSG-26385]
Action.c(29): web_url("sign up now") started  	[MsgId: MMSG-26355]
Action.c(29): Found resource "http://localhost:1080/WebTours/profileValidate.js" in HTML "http://localhost:1080/cgi-bin/login.pl?username=&password=&getInfo=true"  	[MsgId: MMSG-26659]
Action.c(29): Found resource "http://localhost:1080/WebTours/images/button_next.gif" in HTML "http://localhost:1080/cgi-bin/login.pl?username=&password=&getInfo=true"  	[MsgId: MMSG-26659]
Action.c(29): web_url("sign up now") was successful, 14475 body bytes, 838 header bytes, 12 chunking overhead bytes  	[MsgId: MMSG-26385]
Action.c(45): web_reg_find started  	[MsgId: MMSG-26355]
Action.c(45): Registering web_reg_find was successful  	[MsgId: MMSG-26390]
Action.c(48): web_submit_data("login.pl") started  	[MsgId: MMSG-26355]
Action.c(48): Resource "http://localhost:1080/WebTours/profileValidate.js" is in the cache already and will not be downloaded again  	[MsgId: MMSG-26655]
Action.c(48): Resource "http://localhost:1080/WebTours/images/button_next.gif" is in the cache already and will not be downloaded again  	[MsgId: MMSG-26655]
Action.c(48): Error -26366: "Text=Thank you, <b>bogdanov</b>, for registering and welcome to the Web Tours family." not found for web_reg_find  	[MsgId: MERR-26366]
End auto log messages stack.	[MsgId: MMSG-10544]


Start auto log messages stack - Iteration 66.	[MsgId: MMSG-10545]
Starting action Action.	[MsgId: MMSG-15919]
Action.c(6): web_reg_save_param_ex started  	[MsgId: MMSG-26355]
Action.c(6): Registering web_reg_save_param_ex was successful  	[MsgId: MMSG-26390]
Action.c(15): web_reg_find started  	[MsgId: MMSG-26355]
Action.c(15): Registering web_reg_find was successful  	[MsgId: MMSG-26390]
Action.c(17): web_url("WebTours") started  	[MsgId: MMSG-26355]
Action.c(17): Detected non-resource "http://localhost:1080/WebTours/header.html" in "http://localhost:1080/WebTours/"  	[MsgId: MMSG-26574]
Action.c(17): Detected non-resource "http://localhost:1080/cgi-bin/welcome.pl?signOff=true" in "http://localhost:1080/WebTours/"  	[MsgId: MMSG-26574]
Action.c(17): Found resource "http://localhost:1080/WebTours/images/hp_logo.png" in HTML "http://localhost:1080/WebTours/header.html"  	[MsgId: MMSG-26659]
Action.c(17): Found resource "http://localhost:1080/WebTours/images/webtours.png" in HTML "http://localhost:1080/WebTours/header.html"  	[MsgId: MMSG-26659]
Action.c(17): Detected non-resource "http://localhost:1080/cgi-bin/nav.pl?in=home" in "http://localhost:1080/cgi-bin/welcome.pl?signOff=true"  	[MsgId: MMSG-26574]
Action.c(17): Detected non-resource "http://localhost:1080/WebTours/home.html" in "http://localhost:1080/cgi-bin/welcome.pl?signOff=true"  	[MsgId: MMSG-26574]
Action.c(17): Found resource "http://localhost:1080/WebTours/images/mer_login.gif" in HTML "http://localhost:1080/cgi-bin/nav.pl?in=home"  	[MsgId: MMSG-26659]
Action.c(17): Registered web_reg_find successful for "Text=Welcome to the Web Tours site" (count=1)  	[MsgId: MMSG-26364]
Action.c(17): web_url("WebTours") was successful, 10078 body bytes, 2371 header bytes, 24 chunking overhead bytes  	[MsgId: MMSG-26385]
Action.c(29): web_url("sign up now") started  	[MsgId: MMSG-26355]
Action.c(29): Found resource "http://localhost:1080/WebTours/profileValidate.js" in HTML "http://localhost:1080/cgi-bin/login.pl?username=&password=&getInfo=true"  	[MsgId: MMSG-26659]
Action.c(29): Found resource "http://localhost:1080/WebTours/images/button_next.gif" in HTML "http://localhost:1080/cgi-bin/login.pl?username=&password=&getInfo=true"  	[MsgId: MMSG-26659]
Action.c(29): web_url("sign up now") was successful, 14475 body bytes, 838 header bytes, 12 chunking overhead bytes  	[MsgId: MMSG-26385]
Action.c(45): web_reg_find started  	[MsgId: MMSG-26355]
Action.c(45): Registering web_reg_find was successful  	[MsgId: MMSG-26390]
Action.c(48): web_submit_data("login.pl") started  	[MsgId: MMSG-26355]
Action.c(48): Resource "http://localhost:1080/WebTours/profileValidate.js" is in the cache already and will not be downloaded again  	[MsgId: MMSG-26655]
Action.c(48): Resource "http://localhost:1080/WebTours/images/button_next.gif" is in the cache already and will not be downloaded again  	[MsgId: MMSG-26655]
Action.c(48): Error -26366: "Text=Thank you, <b>bondarenko</b>, for registering and welcome to the Web Tours family." not found for web_reg_find  	[MsgId: MERR-26366]
End auto log messages stack.	[MsgId: MMSG-10544]


Start auto log messages stack - Iteration 67.	[MsgId: MMSG-10545]
Starting action Action.	[MsgId: MMSG-15919]
Action.c(6): web_reg_save_param_ex started  	[MsgId: MMSG-26355]
Action.c(6): Registering web_reg_save_param_ex was successful  	[MsgId: MMSG-26390]
Action.c(15): web_reg_find started  	[MsgId: MMSG-26355]
Action.c(15): Registering web_reg_find was successful  	[MsgId: MMSG-26390]
Action.c(17): web_url("WebTours") started  	[MsgId: MMSG-26355]
Action.c(17): Detected non-resource "http://localhost:1080/WebTours/header.html" in "http://localhost:1080/WebTours/"  	[MsgId: MMSG-26574]
Action.c(17): Detected non-resource "http://localhost:1080/cgi-bin/welcome.pl?signOff=true" in "http://localhost:1080/WebTours/"  	[MsgId: MMSG-26574]
Action.c(17): Found resource "http://localhost:1080/WebTours/images/hp_logo.png" in HTML "http://localhost:1080/WebTours/header.html"  	[MsgId: MMSG-26659]
Action.c(17): Found resource "http://localhost:1080/WebTours/images/webtours.png" in HTML "http://localhost:1080/WebTours/header.html"  	[MsgId: MMSG-26659]
Action.c(17): Detected non-resource "http://localhost:1080/cgi-bin/nav.pl?in=home" in "http://localhost:1080/cgi-bin/welcome.pl?signOff=true"  	[MsgId: MMSG-26574]
Action.c(17): Detected non-resource "http://localhost:1080/WebTours/home.html" in "http://localhost:1080/cgi-bin/welcome.pl?signOff=true"  	[MsgId: MMSG-26574]
Action.c(17): Found resource "http://localhost:1080/WebTours/images/mer_login.gif" in HTML "http://localhost:1080/cgi-bin/nav.pl?in=home"  	[MsgId: MMSG-26659]
Action.c(17): Registered web_reg_find successful for "Text=Welcome to the Web Tours site" (count=1)  	[MsgId: MMSG-26364]
Action.c(17): web_url("WebTours") was successful, 10078 body bytes, 2371 header bytes, 24 chunking overhead bytes  	[MsgId: MMSG-26385]
Action.c(29): web_url("sign up now") started  	[MsgId: MMSG-26355]
Action.c(29): Found resource "http://localhost:1080/WebTours/profileValidate.js" in HTML "http://localhost:1080/cgi-bin/login.pl?username=&password=&getInfo=true"  	[MsgId: MMSG-26659]
Action.c(29): Found resource "http://localhost:1080/WebTours/images/button_next.gif" in HTML "http://localhost:1080/cgi-bin/login.pl?username=&password=&getInfo=true"  	[MsgId: MMSG-26659]
Action.c(29): web_url("sign up now") was successful, 14475 body bytes, 838 header bytes, 12 chunking overhead bytes  	[MsgId: MMSG-26385]
Action.c(45): web_reg_find started  	[MsgId: MMSG-26355]
Action.c(45): Registering web_reg_find was successful  	[MsgId: MMSG-26390]
Action.c(48): web_submit_data("login.pl") started  	[MsgId: MMSG-26355]
Action.c(48): Resource "http://localhost:1080/WebTours/profileValidate.js" is in the cache already and will not be downloaded again  	[MsgId: MMSG-26655]
Action.c(48): Resource "http://localhost:1080/WebTours/images/button_next.gif" is in the cache already and will not be downloaded again  	[MsgId: MMSG-26655]
Action.c(48): Error -26366: "Text=Thank you, <b>bratislavskaya</b>, for registering and welcome to the Web Tours family." not found for web_reg_find  	[MsgId: MERR-26366]
End auto log messages stack.	[MsgId: MMSG-10544]


Start auto log messages stack - Iteration 68.	[MsgId: MMSG-10545]
Starting action Action.	[MsgId: MMSG-15919]
Action.c(6): web_reg_save_param_ex started  	[MsgId: MMSG-26355]
Action.c(6): Registering web_reg_save_param_ex was successful  	[MsgId: MMSG-26390]
Action.c(15): web_reg_find started  	[MsgId: MMSG-26355]
Action.c(15): Registering web_reg_find was successful  	[MsgId: MMSG-26390]
Action.c(17): web_url("WebTours") started  	[MsgId: MMSG-26355]
Action.c(17): Detected non-resource "http://localhost:1080/WebTours/header.html" in "http://localhost:1080/WebTours/"  	[MsgId: MMSG-26574]
Action.c(17): Detected non-resource "http://localhost:1080/cgi-bin/welcome.pl?signOff=true" in "http://localhost:1080/WebTours/"  	[MsgId: MMSG-26574]
Action.c(17): Found resource "http://localhost:1080/WebTours/images/hp_logo.png" in HTML "http://localhost:1080/WebTours/header.html"  	[MsgId: MMSG-26659]
Action.c(17): Found resource "http://localhost:1080/WebTours/images/webtours.png" in HTML "http://localhost:1080/WebTours/header.html"  	[MsgId: MMSG-26659]
Action.c(17): Detected non-resource "http://localhost:1080/cgi-bin/nav.pl?in=home" in "http://localhost:1080/cgi-bin/welcome.pl?signOff=true"  	[MsgId: MMSG-26574]
Action.c(17): Detected non-resource "http://localhost:1080/WebTours/home.html" in "http://localhost:1080/cgi-bin/welcome.pl?signOff=true"  	[MsgId: MMSG-26574]
Action.c(17): Found resource "http://localhost:1080/WebTours/images/mer_login.gif" in HTML "http://localhost:1080/cgi-bin/nav.pl?in=home"  	[MsgId: MMSG-26659]
Action.c(17): Registered web_reg_find successful for "Text=Welcome to the Web Tours site" (count=1)  	[MsgId: MMSG-26364]
Action.c(17): web_url("WebTours") was successful, 10078 body bytes, 2371 header bytes, 24 chunking overhead bytes  	[MsgId: MMSG-26385]
Action.c(29): web_url("sign up now") started  	[MsgId: MMSG-26355]
Action.c(29): Found resource "http://localhost:1080/WebTours/profileValidate.js" in HTML "http://localhost:1080/cgi-bin/login.pl?username=&password=&getInfo=true"  	[MsgId: MMSG-26659]
Action.c(29): Found resource "http://localhost:1080/WebTours/images/button_next.gif" in HTML "http://localhost:1080/cgi-bin/login.pl?username=&password=&getInfo=true"  	[MsgId: MMSG-26659]
Action.c(29): web_url("sign up now") was successful, 14475 body bytes, 838 header bytes, 12 chunking overhead bytes  	[MsgId: MMSG-26385]
Action.c(45): web_reg_find started  	[MsgId: MMSG-26355]
Action.c(45): Registering web_reg_find was successful  	[MsgId: MMSG-26390]
Action.c(48): web_submit_data("login.pl") started  	[MsgId: MMSG-26355]
Action.c(48): Resource "http://localhost:1080/WebTours/profileValidate.js" is in the cache already and will not be downloaded again  	[MsgId: MMSG-26655]
Action.c(48): Resource "http://localhost:1080/WebTours/images/button_next.gif" is in the cache already and will not be downloaded again  	[MsgId: MMSG-26655]
Action.c(48): Error -26366: "Text=Thank you, <b>vsnetsov</b>, for registering and welcome to the Web Tours family." not found for web_reg_find  	[MsgId: MERR-26366]
End auto log messages stack.	[MsgId: MMSG-10544]


Start auto log messages stack - Iteration 69.	[MsgId: MMSG-10545]
Starting action Action.	[MsgId: MMSG-15919]
Action.c(6): web_reg_save_param_ex started  	[MsgId: MMSG-26355]
Action.c(6): Registering web_reg_save_param_ex was successful  	[MsgId: MMSG-26390]
Action.c(15): web_reg_find started  	[MsgId: MMSG-26355]
Action.c(15): Registering web_reg_find was successful  	[MsgId: MMSG-26390]
Action.c(17): web_url("WebTours") started  	[MsgId: MMSG-26355]
Action.c(17): Detected non-resource "http://localhost:1080/WebTours/header.html" in "http://localhost:1080/WebTours/"  	[MsgId: MMSG-26574]
Action.c(17): Detected non-resource "http://localhost:1080/cgi-bin/welcome.pl?signOff=true" in "http://localhost:1080/WebTours/"  	[MsgId: MMSG-26574]
Action.c(17): Found resource "http://localhost:1080/WebTours/images/hp_logo.png" in HTML "http://localhost:1080/WebTours/header.html"  	[MsgId: MMSG-26659]
Action.c(17): Found resource "http://localhost:1080/WebTours/images/webtours.png" in HTML "http://localhost:1080/WebTours/header.html"  	[MsgId: MMSG-26659]
Action.c(17): Detected non-resource "http://localhost:1080/cgi-bin/nav.pl?in=home" in "http://localhost:1080/cgi-bin/welcome.pl?signOff=true"  	[MsgId: MMSG-26574]
Action.c(17): Detected non-resource "http://localhost:1080/WebTours/home.html" in "http://localhost:1080/cgi-bin/welcome.pl?signOff=true"  	[MsgId: MMSG-26574]
Action.c(17): Found resource "http://localhost:1080/WebTours/images/mer_login.gif" in HTML "http://localhost:1080/cgi-bin/nav.pl?in=home"  	[MsgId: MMSG-26659]
Action.c(17): Registered web_reg_find successful for "Text=Welcome to the Web Tours site" (count=1)  	[MsgId: MMSG-26364]
Action.c(17): web_url("WebTours") was successful, 10080 body bytes, 2371 header bytes, 24 chunking overhead bytes  	[MsgId: MMSG-26385]
Action.c(29): web_url("sign up now") started  	[MsgId: MMSG-26355]
Action.c(29): Found resource "http://localhost:1080/WebTours/profileValidate.js" in HTML "http://localhost:1080/cgi-bin/login.pl?username=&password=&getInfo=true"  	[MsgId: MMSG-26659]
Action.c(29): Found resource "http://localhost:1080/WebTours/images/button_next.gif" in HTML "http://localhost:1080/cgi-bin/login.pl?username=&password=&getInfo=true"  	[MsgId: MMSG-26659]
Action.c(29): web_url("sign up now") was successful, 14475 body bytes, 838 header bytes, 12 chunking overhead bytes  	[MsgId: MMSG-26385]
Action.c(45): web_reg_find started  	[MsgId: MMSG-26355]
Action.c(45): Registering web_reg_find was successful  	[MsgId: MMSG-26390]
Action.c(48): web_submit_data("login.pl") started  	[MsgId: MMSG-26355]
Action.c(48): Resource "http://localhost:1080/WebTours/profileValidate.js" is in the cache already and will not be downloaded again  	[MsgId: MMSG-26655]
Action.c(48): Resource "http://localhost:1080/WebTours/images/button_next.gif" is in the cache already and will not be downloaded again  	[MsgId: MMSG-26655]
Action.c(48): Error -26366: "Text=Thank you, <b>vershinina</b>, for registering and welcome to the Web Tours family." not found for web_reg_find  	[MsgId: MERR-26366]
End auto log messages stack.	[MsgId: MMSG-10544]


Start auto log messages stack - Iteration 70.	[MsgId: MMSG-10545]
Starting action Action.	[MsgId: MMSG-15919]
Action.c(6): web_reg_save_param_ex started  	[MsgId: MMSG-26355]
Action.c(6): Registering web_reg_save_param_ex was successful  	[MsgId: MMSG-26390]
Action.c(15): web_reg_find started  	[MsgId: MMSG-26355]
Action.c(15): Registering web_reg_find was successful  	[MsgId: MMSG-26390]
Action.c(17): web_url("WebTours") started  	[MsgId: MMSG-26355]
Action.c(17): Detected non-resource "http://localhost:1080/WebTours/header.html" in "http://localhost:1080/WebTours/"  	[MsgId: MMSG-26574]
Action.c(17): Detected non-resource "http://localhost:1080/cgi-bin/welcome.pl?signOff=true" in "http://localhost:1080/WebTours/"  	[MsgId: MMSG-26574]
Action.c(17): Found resource "http://localhost:1080/WebTours/images/hp_logo.png" in HTML "http://localhost:1080/WebTours/header.html"  	[MsgId: MMSG-26659]
Action.c(17): Found resource "http://localhost:1080/WebTours/images/webtours.png" in HTML "http://localhost:1080/WebTours/header.html"  	[MsgId: MMSG-26659]
Action.c(17): Detected non-resource "http://localhost:1080/cgi-bin/nav.pl?in=home" in "http://localhost:1080/cgi-bin/welcome.pl?signOff=true"  	[MsgId: MMSG-26574]
Action.c(17): Detected non-resource "http://localhost:1080/WebTours/home.html" in "http://localhost:1080/cgi-bin/welcome.pl?signOff=true"  	[MsgId: MMSG-26574]
Action.c(17): Found resource "http://localhost:1080/WebTours/images/mer_login.gif" in HTML "http://localhost:1080/cgi-bin/nav.pl?in=home"  	[MsgId: MMSG-26659]
Action.c(17): Registered web_reg_find successful for "Text=Welcome to the Web Tours site" (count=1)  	[MsgId: MMSG-26364]
Action.c(17): web_url("WebTours") was successful, 10080 body bytes, 2371 header bytes, 24 chunking overhead bytes  	[MsgId: MMSG-26385]
Action.c(29): web_url("sign up now") started  	[MsgId: MMSG-26355]
Action.c(29): Found resource "http://localhost:1080/WebTours/profileValidate.js" in HTML "http://localhost:1080/cgi-bin/login.pl?username=&password=&getInfo=true"  	[MsgId: MMSG-26659]
Action.c(29): Found resource "http://localhost:1080/WebTours/images/button_next.gif" in HTML "http://localhost:1080/cgi-bin/login.pl?username=&password=&getInfo=true"  	[MsgId: MMSG-26659]
Action.c(29): web_url("sign up now") was successful, 14475 body bytes, 838 header bytes, 12 chunking overhead bytes  	[MsgId: MMSG-26385]
Action.c(45): web_reg_find started  	[MsgId: MMSG-26355]
Action.c(45): Registering web_reg_find was successful  	[MsgId: MMSG-26390]
Action.c(48): web_submit_data("login.pl") started  	[MsgId: MMSG-26355]
Action.c(48): Resource "http://localhost:1080/WebTours/profileValidate.js" is in the cache already and will not be downloaded again  	[MsgId: MMSG-26655]
Action.c(48): Resource "http://localhost:1080/WebTours/images/button_next.gif" is in the cache already and will not be downloaded again  	[MsgId: MMSG-26655]
Action.c(48): Error -26366: "Text=Thank you, <b>vishnevskaya</b>, for registering and welcome to the Web Tours family." not found for web_reg_find  	[MsgId: MERR-26366]
End auto log messages stack.	[MsgId: MMSG-10544]


Start auto log messages stack - Iteration 71.	[MsgId: MMSG-10545]
Starting action Action.	[MsgId: MMSG-15919]
Action.c(6): web_reg_save_param_ex started  	[MsgId: MMSG-26355]
Action.c(6): Registering web_reg_save_param_ex was successful  	[MsgId: MMSG-26390]
Action.c(15): web_reg_find started  	[MsgId: MMSG-26355]
Action.c(15): Registering web_reg_find was successful  	[MsgId: MMSG-26390]
Action.c(17): web_url("WebTours") started  	[MsgId: MMSG-26355]
Action.c(17): Detected non-resource "http://localhost:1080/WebTours/header.html" in "http://localhost:1080/WebTours/"  	[MsgId: MMSG-26574]
Action.c(17): Detected non-resource "http://localhost:1080/cgi-bin/welcome.pl?signOff=true" in "http://localhost:1080/WebTours/"  	[MsgId: MMSG-26574]
Action.c(17): Found resource "http://localhost:1080/WebTours/images/hp_logo.png" in HTML "http://localhost:1080/WebTours/header.html"  	[MsgId: MMSG-26659]
Action.c(17): Found resource "http://localhost:1080/WebTours/images/webtours.png" in HTML "http://localhost:1080/WebTours/header.html"  	[MsgId: MMSG-26659]
Action.c(17): Detected non-resource "http://localhost:1080/cgi-bin/nav.pl?in=home" in "http://localhost:1080/cgi-bin/welcome.pl?signOff=true"  	[MsgId: MMSG-26574]
Action.c(17): Detected non-resource "http://localhost:1080/WebTours/home.html" in "http://localhost:1080/cgi-bin/welcome.pl?signOff=true"  	[MsgId: MMSG-26574]
Action.c(17): Found resource "http://localhost:1080/WebTours/images/mer_login.gif" in HTML "http://localhost:1080/cgi-bin/nav.pl?in=home"  	[MsgId: MMSG-26659]
Action.c(17): Registered web_reg_find successful for "Text=Welcome to the Web Tours site" (count=1)  	[MsgId: MMSG-26364]
Action.c(17): web_url("WebTours") was successful, 10074 body bytes, 2371 header bytes, 24 chunking overhead bytes  	[MsgId: MMSG-26385]
Action.c(29): web_url("sign up now") started  	[MsgId: MMSG-26355]
Action.c(29): Found resource "http://localhost:1080/WebTours/profileValidate.js" in HTML "http://localhost:1080/cgi-bin/login.pl?username=&password=&getInfo=true"  	[MsgId: MMSG-26659]
Action.c(29): Found resource "http://localhost:1080/WebTours/images/button_next.gif" in HTML "http://localhost:1080/cgi-bin/login.pl?username=&password=&getInfo=true"  	[MsgId: MMSG-26659]
Action.c(29): web_url("sign up now") was successful, 14475 body bytes, 838 header bytes, 12 chunking overhead bytes  	[MsgId: MMSG-26385]
Action.c(45): web_reg_find started  	[MsgId: MMSG-26355]
Action.c(45): Registering web_reg_find was successful  	[MsgId: MMSG-26390]
Action.c(48): web_submit_data("login.pl") started  	[MsgId: MMSG-26355]
Action.c(48): Resource "http://localhost:1080/WebTours/profileValidate.js" is in the cache already and will not be downloaded again  	[MsgId: MMSG-26655]
Action.c(48): Resource "http://localhost:1080/WebTours/images/button_next.gif" is in the cache already and will not be downloaded again  	[MsgId: MMSG-26655]
Action.c(48): Error -26366: "Text=Thank you, <b>vladov</b>, for registering and welcome to the Web Tours family." not found for web_reg_find  	[MsgId: MERR-26366]
End auto log messages stack.	[MsgId: MMSG-10544]


Start auto log messages stack - Iteration 72.	[MsgId: MMSG-10545]
Starting action Action.	[MsgId: MMSG-15919]
Action.c(6): web_reg_save_param_ex started  	[MsgId: MMSG-26355]
Action.c(6): Registering web_reg_save_param_ex was successful  	[MsgId: MMSG-26390]
Action.c(15): web_reg_find started  	[MsgId: MMSG-26355]
Action.c(15): Registering web_reg_find was successful  	[MsgId: MMSG-26390]
Action.c(17): web_url("WebTours") started  	[MsgId: MMSG-26355]
Action.c(17): Detected non-resource "http://localhost:1080/WebTours/header.html" in "http://localhost:1080/WebTours/"  	[MsgId: MMSG-26574]
Action.c(17): Detected non-resource "http://localhost:1080/cgi-bin/welcome.pl?signOff=true" in "http://localhost:1080/WebTours/"  	[MsgId: MMSG-26574]
Action.c(17): Found resource "http://localhost:1080/WebTours/images/hp_logo.png" in HTML "http://localhost:1080/WebTours/header.html"  	[MsgId: MMSG-26659]
Action.c(17): Found resource "http://localhost:1080/WebTours/images/webtours.png" in HTML "http://localhost:1080/WebTours/header.html"  	[MsgId: MMSG-26659]
Action.c(17): Detected non-resource "http://localhost:1080/cgi-bin/nav.pl?in=home" in "http://localhost:1080/cgi-bin/welcome.pl?signOff=true"  	[MsgId: MMSG-26574]
Action.c(17): Detected non-resource "http://localhost:1080/WebTours/home.html" in "http://localhost:1080/cgi-bin/welcome.pl?signOff=true"  	[MsgId: MMSG-26574]
Action.c(17): Found resource "http://localhost:1080/WebTours/images/mer_login.gif" in HTML "http://localhost:1080/cgi-bin/nav.pl?in=home"  	[MsgId: MMSG-26659]
Action.c(17): Registered web_reg_find successful for "Text=Welcome to the Web Tours site" (count=1)  	[MsgId: MMSG-26364]
Action.c(17): web_url("WebTours") was successful, 10074 body bytes, 2371 header bytes, 24 chunking overhead bytes  	[MsgId: MMSG-26385]
Action.c(29): web_url("sign up now") started  	[MsgId: MMSG-26355]
Action.c(29): Found resource "http://localhost:1080/WebTours/profileValidate.js" in HTML "http://localhost:1080/cgi-bin/login.pl?username=&password=&getInfo=true"  	[MsgId: MMSG-26659]
Action.c(29): Found resource "http://localhost:1080/WebTours/images/button_next.gif" in HTML "http://localhost:1080/cgi-bin/login.pl?username=&password=&getInfo=true"  	[MsgId: MMSG-26659]
Action.c(29): web_url("sign up now") was successful, 14475 body bytes, 838 header bytes, 12 chunking overhead bytes  	[MsgId: MMSG-26385]
Action.c(45): web_reg_find started  	[MsgId: MMSG-26355]
Action.c(45): Registering web_reg_find was successful  	[MsgId: MMSG-26390]
Action.c(48): web_submit_data("login.pl") started  	[MsgId: MMSG-26355]
Action.c(48): Resource "http://localhost:1080/WebTours/profileValidate.js" is in the cache already and will not be downloaded again  	[MsgId: MMSG-26655]
Action.c(48): Resource "http://localhost:1080/WebTours/images/button_next.gif" is in the cache already and will not be downloaded again  	[MsgId: MMSG-26655]
Action.c(48): Error -26366: "Text=Thank you, <b>volkov</b>, for registering and welcome to the Web Tours family." not found for web_reg_find  	[MsgId: MERR-26366]
End auto log messages stack.	[MsgId: MMSG-10544]


