ScriptBuy.h(7): Detected non-resource "http://localhost:1080/cgi-bin/reservations.pl?page=welcome" in "http://localhost:1080/cgi-bin/welcome.pl?page=search"  	[MsgId: MMSG-26574]
ScriptBuy.h(7): Resource "http://localhost:1080/WebTours/images/in_flights.gif" is in the cache already and will not be downloaded again  	[MsgId: MMSG-26655]
ScriptBuy.h(7): Resource "http://localhost:1080/WebTours/images/itinerary.gif" is in the cache already and will not be downloaded again  	[MsgId: MMSG-26655]
ScriptBuy.h(7): Resource "http://localhost:1080/WebTours/images/home.gif" is in the cache already and will not be downloaded again  	[MsgId: MMSG-26655]
ScriptBuy.h(7): Resource "http://localhost:1080/WebTours/images/signoff.gif" is in the cache already and will not be downloaded again  	[MsgId: MMSG-26655]
ScriptBuy.h(7): Resource "http://localhost:1080/WebTours/images/button_next.gif" is in the cache already and will not be downloaded again  	[MsgId: MMSG-26655]
ScriptBuy.h(7): Registered web_reg_find successful for "Text=Find Flight" (count=1)  	[MsgId: MMSG-26364]
ScriptBuy.h(7): web_url("welcome.pl") was successful, 6344 body bytes, 725 header bytes, 43 chunking overhead bytes  	[MsgId: MMSG-26385]
ScriptBuy.h(21): web_reg_find started  	[MsgId: MMSG-26355]
ScriptBuy.h(21): Registering web_reg_find was successful  	[MsgId: MMSG-26390]
ScriptBuy.h(30): web_reg_save_param_attrib started  	[MsgId: MMSG-26355]
ScriptBuy.h(30): Registering web_reg_save_param_attrib was successful  	[MsgId: MMSG-26390]
ScriptBuy.h(41): web_reg_save_param_attrib started  	[MsgId: MMSG-26355]
ScriptBuy.h(41): Registering web_reg_save_param_attrib was successful  	[MsgId: MMSG-26390]
ScriptBuy.h(52): web_submit_data("reservations.pl") started  	[MsgId: MMSG-26355]
ScriptBuy.h(52): Resource "http://localhost:1080/WebTours/images/button_next.gif" is in the cache already and will not be downloaded again  	[MsgId: MMSG-26655]
ScriptBuy.h(52): Registered web_reg_find successful for "Text=Flight departing from <B>Portland</B> to <B>Sydney</B>" (count=1)  	[MsgId: MMSG-26364]
ScriptBuy.h(52): web_submit_data("reservations.pl") was successful, 3591 body bytes, 255 header bytes, 12 chunking overhead bytes  	[MsgId: MMSG-26385]
ScriptBuy.h(80): web_reg_find started  	[MsgId: MMSG-26355]
ScriptBuy.h(80): Registering web_reg_find was successful  	[MsgId: MMSG-26390]
ScriptBuy.h(83): web_reg_find started  	[MsgId: MMSG-26355]
ScriptBuy.h(83): Registering web_reg_find was successful  	[MsgId: MMSG-26390]
ScriptBuy.h(86): web_reg_find started  	[MsgId: MMSG-26355]
ScriptBuy.h(86): Registering web_reg_find was successful  	[MsgId: MMSG-26390]
ScriptBuy.h(90): outboundFlight  - 580;805;07/19/2020
ScriptBuy.h(92): web_submit_data("reservations.pl_2") started  	[MsgId: MMSG-26355]
ScriptBuy.h(92): Resource "http://localhost:1080/WebTours/images/button_next.gif" is in the cache already and will not be downloaded again  	[MsgId: MMSG-26655]
ScriptBuy.h(92): Registered web_reg_find successful for "Text=Flight Reservation" (count=1)  	[MsgId: MMSG-26364]
ScriptBuy.h(92): Registered web_reg_find successful for "Text=Kruchinina" (count=2)  	[MsgId: MMSG-26364]
ScriptBuy.h(92): Registered web_reg_find successful for "Text=Ernest" (count=2)  	[MsgId: MMSG-26364]
ScriptBuy.h(92): web_submit_data("reservations.pl_2") was successful, 2772 body bytes, 255 header bytes, 12 chunking overhead bytes  	[MsgId: MMSG-26385]
ScriptBuy.h(115): web_reg_find started  	[MsgId: MMSG-26355]
ScriptBuy.h(115): Registering web_reg_find was successful  	[MsgId: MMSG-26390]
ScriptBuy.h(118): web_reg_find started  	[MsgId: MMSG-26355]
ScriptBuy.h(118): Registering web_reg_find was successful  	[MsgId: MMSG-26390]
ScriptBuy.h(122): web_submit_data("reservations.pl_8") started  	[MsgId: MMSG-26355]
ScriptBuy.h(122): Resource "http://localhost:1080/WebTours/images/bookanother.gif" is in the cache already and will not be downloaded again  	[MsgId: MMSG-26655]
ScriptBuy.h(122): Registered web_reg_find successful for "Text=Thank you for booking through Web Tours." (count=1)  	[MsgId: MMSG-26364]
ScriptBuy.h(122): Registered web_reg_find successful for "Text=from Portland to Sydney." (count=1)  	[MsgId: MMSG-26364]
ScriptBuy.h(122): web_submit_data("reservations.pl_8") was successful, 2571 body bytes, 417 header bytes, 12 chunking overhead bytes  	[MsgId: MMSG-26385]
ScriptBuy.h(152): kruchinina
ScriptBuy.h(153): German
ScriptBuy.h(154): Grigorov
Action1.c(14): 3
ScriptBuy.h(227): web_reg_find started  	[MsgId: MMSG-26355]
ScriptBuy.h(227): Registering web_reg_find was successful  	[MsgId: MMSG-26390]
ScriptBuy.h(229): web_url("welcome.pl") started  	[MsgId: MMSG-26355]
ScriptBuy.h(229): Detected non-resource "http://localhost:1080/cgi-bin/nav.pl?in=home" in "http://localhost:1080/cgi-bin/welcome.pl?signOff=1"  	[MsgId: MMSG-26574]
ScriptBuy.h(229): Detected non-resource "http://localhost:1080/WebTours/home.html" in "http://localhost:1080/cgi-bin/welcome.pl?signOff=1"  	[MsgId: MMSG-26574]
ScriptBuy.h(229): Retrieving data from cache for "http://localhost:1080/WebTours/home.html"  	[MsgId: MMSG-26558]
ScriptBuy.h(229): Resource "http://localhost:1080/WebTours/images/mer_login.gif" is in the cache already and will not be downloaded again  	[MsgId: MMSG-26655]
ScriptBuy.h(229): Registered web_reg_find successful for "Text=To make reservations,please enter your account information to the left." (count=1)  	[MsgId: MMSG-26364]
ScriptBuy.h(229): web_url("welcome.pl") was successful, 2176 body bytes, 582 header bytes, 24 chunking overhead bytes  	[MsgId: MMSG-26385]
Ending action Action1.
Ending iteration 53.
Starting iteration 54.
Starting action Action1.
ScriptBuy.h(165): web_reg_save_param_attrib started  	[MsgId: MMSG-26355]
ScriptBuy.h(165): Registering web_reg_save_param_attrib was successful  	[MsgId: MMSG-26390]
ScriptBuy.h(177): web_reg_find started  	[MsgId: MMSG-26355]
ScriptBuy.h(177): Registering web_reg_find was successful  	[MsgId: MMSG-26390]
ScriptBuy.h(179): web_url("WebTours") started  	[MsgId: MMSG-26355]
ScriptBuy.h(179): Detected non-resource "http://localhost:1080/WebTours/header.html" in "http://localhost:1080/WebTours/"  	[MsgId: MMSG-26574]
ScriptBuy.h(179): Detected non-resource "http://localhost:1080/cgi-bin/welcome.pl?signOff=true" in "http://localhost:1080/WebTours/"  	[MsgId: MMSG-26574]
ScriptBuy.h(179): Found resource "http://localhost:1080/WebTours/images/hp_logo.png" in HTML "http://localhost:1080/WebTours/header.html"  	[MsgId: MMSG-26659]
ScriptBuy.h(179): Found resource "http://localhost:1080/WebTours/images/webtours.png" in HTML "http://localhost:1080/WebTours/header.html"  	[MsgId: MMSG-26659]
ScriptBuy.h(179): Detected non-resource "http://localhost:1080/cgi-bin/nav.pl?in=home" in "http://localhost:1080/cgi-bin/welcome.pl?signOff=true"  	[MsgId: MMSG-26574]
ScriptBuy.h(179): Detected non-resource "http://localhost:1080/WebTours/home.html" in "http://localhost:1080/cgi-bin/welcome.pl?signOff=true"  	[MsgId: MMSG-26574]
ScriptBuy.h(179): Found resource "http://localhost:1080/WebTours/images/mer_login.gif" in HTML "http://localhost:1080/cgi-bin/nav.pl?in=home"  	[MsgId: MMSG-26659]
ScriptBuy.h(179): Registered web_reg_find successful for "Text=Welcome to the Web Tours site" (count=1)  	[MsgId: MMSG-26364]
ScriptBuy.h(179): web_url("WebTours") was successful, 10078 body bytes, 2371 header bytes, 24 chunking overhead bytes  	[MsgId: MMSG-26385]
ScriptBuy.h(190): web_reg_find started  	[MsgId: MMSG-26355]
ScriptBuy.h(190): Registering web_reg_find was successful  	[MsgId: MMSG-26390]
ScriptBuy.h(192): web_submit_data("login.pl") started  	[MsgId: MMSG-26355]
ScriptBuy.h(192): Detected non-resource "http://localhost:1080/cgi-bin/nav.pl?page=menu&in=home" in "http://localhost:1080/cgi-bin/login.pl"  	[MsgId: MMSG-26574]
ScriptBuy.h(192): Detected non-resource "http://localhost:1080/cgi-bin/login.pl?intro=true" in "http://localhost:1080/cgi-bin/login.pl"  	[MsgId: MMSG-26574]
ScriptBuy.h(192): Found resource "http://localhost:1080/WebTours/images/flights.gif" in HTML "http://localhost:1080/cgi-bin/nav.pl?page=menu&in=home"  	[MsgId: MMSG-26659]
ScriptBuy.h(192): Found resource "http://localhost:1080/WebTours/images/itinerary.gif" in HTML "http://localhost:1080/cgi-bin/nav.pl?page=menu&in=home"  	[MsgId: MMSG-26659]
ScriptBuy.h(192): Found resource "http://localhost:1080/WebTours/images/in_home.gif" in HTML "http://localhost:1080/cgi-bin/nav.pl?page=menu&in=home"  	[MsgId: MMSG-26659]
ScriptBuy.h(192): Found resource "http://localhost:1080/WebTours/images/signoff.gif" in HTML "http://localhost:1080/cgi-bin/nav.pl?page=menu&in=home"  	[MsgId: MMSG-26659]
ScriptBuy.h(192): Registered web_reg_find successful for "Text=User password was correct" (count=1)  	[MsgId: MMSG-26364]
ScriptBuy.h(192): web_submit_data("login.pl") was successful, 5787 body bytes, 2095 header bytes, 36 chunking overhead bytes  	[MsgId: MMSG-26385]
ScriptBuy.h(208): web_set_sockets_option started  	[MsgId: MMSG-26355]
ScriptBuy.h(208): web_set_sockets_option was successful  	[MsgId: MMSG-26392]
ScriptBuy.h(217): kulikovskaya
ScriptBuy.h(5): web_reg_find started  	[MsgId: MMSG-26355]
ScriptBuy.h(5): Registering web_reg_find was successful  	[MsgId: MMSG-26390]
ScriptBuy.h(7): web_url("welcome.pl") started  	[MsgId: MMSG-26355]
ScriptBuy.h(7): Detected non-resource "http://localhost:1080/cgi-bin/nav.pl?page=menu&in=flights" in "http://localhost:1080/cgi-bin/welcome.pl?page=search"  	[MsgId: MMSG-26574]
ScriptBuy.h(7): Detected non-resource "http://localhost:1080/cgi-bin/reservations.pl?page=welcome" in "http://localhost:1080/cgi-bin/welcome.pl?page=search"  	[MsgId: MMSG-26574]
ScriptBuy.h(7): Found resource "http://localhost:1080/WebTours/images/in_flights.gif" in HTML "http://localhost:1080/cgi-bin/nav.pl?page=menu&in=flights"  	[MsgId: MMSG-26659]
ScriptBuy.h(7): Resource "http://localhost:1080/WebTours/images/itinerary.gif" is in the cache already and will not be downloaded again  	[MsgId: MMSG-26655]
ScriptBuy.h(7): Found resource "http://localhost:1080/WebTours/images/home.gif" in HTML "http://localhost:1080/cgi-bin/nav.pl?page=menu&in=flights"  	[MsgId: MMSG-26659]
ScriptBuy.h(7): Resource "http://localhost:1080/WebTours/images/signoff.gif" is in the cache already and will not be downloaded again  	[MsgId: MMSG-26655]
ScriptBuy.h(7): Found resource "http://localhost:1080/WebTours/images/button_next.gif" in HTML "http://localhost:1080/cgi-bin/reservations.pl?page=welcome"  	[MsgId: MMSG-26659]
ScriptBuy.h(7): Registered web_reg_find successful for "Text=Find Flight" (count=1)  	[MsgId: MMSG-26364]
ScriptBuy.h(7): web_url("welcome.pl") was successful, 8516 body bytes, 1616 header bytes, 43 chunking overhead bytes  	[MsgId: MMSG-26385]
ScriptBuy.h(21): web_reg_find started  	[MsgId: MMSG-26355]
ScriptBuy.h(21): Registering web_reg_find was successful  	[MsgId: MMSG-26390]
ScriptBuy.h(30): web_reg_save_param_attrib started  	[MsgId: MMSG-26355]
ScriptBuy.h(30): Registering web_reg_save_param_attrib was successful  	[MsgId: MMSG-26390]
ScriptBuy.h(41): web_reg_save_param_attrib started  	[MsgId: MMSG-26355]
ScriptBuy.h(41): Registering web_reg_save_param_attrib was successful  	[MsgId: MMSG-26390]
ScriptBuy.h(52): web_submit_data("reservations.pl") started  	[MsgId: MMSG-26355]
ScriptBuy.h(52): Resource "http://localhost:1080/WebTours/images/button_next.gif" is in the cache already and will not be downloaded again  	[MsgId: MMSG-26655]
ScriptBuy.h(52): Registered web_reg_find successful for "Text=Flight departing from <B>San Francisco</B> to <B>Frankfurt</B>" (count=1)  	[MsgId: MMSG-26364]
ScriptBuy.h(52): web_submit_data("reservations.pl") was successful, 3623 body bytes, 255 header bytes, 12 chunking overhead bytes  	[MsgId: MMSG-26385]
ScriptBuy.h(80): web_reg_find started  	[MsgId: MMSG-26355]
ScriptBuy.h(80): Registering web_reg_find was successful  	[MsgId: MMSG-26390]
ScriptBuy.h(83): web_reg_find started  	[MsgId: MMSG-26355]
ScriptBuy.h(83): Registering web_reg_find was successful  	[MsgId: MMSG-26390]
ScriptBuy.h(86): web_reg_find started  	[MsgId: MMSG-26355]
ScriptBuy.h(86): Registering web_reg_find was successful  	[MsgId: MMSG-26390]
ScriptBuy.h(90): outboundFlight  - 610;808;07/19/2020
ScriptBuy.h(92): web_submit_data("reservations.pl_2") started  	[MsgId: MMSG-26355]
ScriptBuy.h(92): Resource "http://localhost:1080/WebTours/images/button_next.gif" is in the cache already and will not be downloaded again  	[MsgId: MMSG-26655]
ScriptBuy.h(92): Registered web_reg_find successful for "Text=Flight Reservation" (count=1)  	[MsgId: MMSG-26364]
ScriptBuy.h(92): Registered web_reg_find successful for "Text=Kulikovskaya" (count=2)  	[MsgId: MMSG-26364]
ScriptBuy.h(92): Registered web_reg_find successful for "Text=Yuriy" (count=2)  	[MsgId: MMSG-26364]
ScriptBuy.h(92): web_submit_data("reservations.pl_2") was successful, 2792 body bytes, 255 header bytes, 12 chunking overhead bytes  	[MsgId: MMSG-26385]
ScriptBuy.h(115): web_reg_find started  	[MsgId: MMSG-26355]
ScriptBuy.h(115): Registering web_reg_find was successful  	[MsgId: MMSG-26390]
ScriptBuy.h(118): web_reg_find started  	[MsgId: MMSG-26355]
ScriptBuy.h(118): Registering web_reg_find was successful  	[MsgId: MMSG-26390]
ScriptBuy.h(122): web_submit_data("reservations.pl_8") started  	[MsgId: MMSG-26355]
ScriptBuy.h(122): Found resource "http://localhost:1080/WebTours/images/bookanother.gif" in HTML "http://localhost:1080/cgi-bin/reservations.pl"  	[MsgId: MMSG-26659]
ScriptBuy.h(122): Registered web_reg_find successful for "Text=Thank you for booking through Web Tours." (count=1)  	[MsgId: MMSG-26364]
ScriptBuy.h(122): Registered web_reg_find successful for "Text=from San Francisco to Frankfurt." (count=1)  	[MsgId: MMSG-26364]
ScriptBuy.h(122): web_submit_data("reservations.pl_8") was successful, 3402 body bytes, 722 header bytes, 12 chunking overhead bytes  	[MsgId: MMSG-26385]
ScriptBuy.h(152): kulikovskaya
ScriptBuy.h(153): Makar
ScriptBuy.h(154): Arefin
Action1.c(14): 1
ScriptBuy.h(5): web_reg_find started  	[MsgId: MMSG-26355]
ScriptBuy.h(5): Registering web_reg_find was successful  	[MsgId: MMSG-26390]
ScriptBuy.h(7): web_url("welcome.pl") started  	[MsgId: MMSG-26355]
ScriptBuy.h(7): Detected non-resource "http://localhost:1080/cgi-bin/nav.pl?page=menu&in=flights" in "http://localhost:1080/cgi-bin/welcome.pl?page=search"  	[MsgId: MMSG-26574]
ScriptBuy.h(7): Detected non-resource "http://localhost:1080/cgi-bin/reservations.pl?page=welcome" in "http://localhost:1080/cgi-bin/welcome.pl?page=search"  	[MsgId: MMSG-26574]
ScriptBuy.h(7): Resource "http://localhost:1080/WebTours/images/button_next.gif" is in the cache already and will not be downloaded again  	[MsgId: MMSG-26655]
ScriptBuy.h(7): Resource "http://localhost:1080/WebTours/images/in_flights.gif" is in the cache already and will not be downloaded again  	[MsgId: MMSG-26655]
ScriptBuy.h(7): Resource "http://localhost:1080/WebTours/images/itinerary.gif" is in the cache already and will not be downloaded again  	[MsgId: MMSG-26655]
ScriptBuy.h(7): Resource "http://localhost:1080/WebTours/images/home.gif" is in the cache already and will not be downloaded again  	[MsgId: MMSG-26655]
ScriptBuy.h(7): Resource "http://localhost:1080/WebTours/images/signoff.gif" is in the cache already and will not be downloaded again  	[MsgId: MMSG-26655]
ScriptBuy.h(7): Registered web_reg_find successful for "Text=Find Flight" (count=1)  	[MsgId: MMSG-26364]
ScriptBuy.h(7): web_url("welcome.pl") was successful, 6344 body bytes, 725 header bytes, 43 chunking overhead bytes  	[MsgId: MMSG-26385]
ScriptBuy.h(21): web_reg_find started  	[MsgId: MMSG-26355]
ScriptBuy.h(21): Registering web_reg_find was successful  	[MsgId: MMSG-26390]
ScriptBuy.h(30): web_reg_save_param_attrib started  	[MsgId: MMSG-26355]
ScriptBuy.h(30): Registering web_reg_save_param_attrib was successful  	[MsgId: MMSG-26390]
ScriptBuy.h(41): web_reg_save_param_attrib started  	[MsgId: MMSG-26355]
ScriptBuy.h(41): Registering web_reg_save_param_attrib was successful  	[MsgId: MMSG-26390]
ScriptBuy.h(52): web_submit_data("reservations.pl") started  	[MsgId: MMSG-26355]
ScriptBuy.h(52): Resource "http://localhost:1080/WebTours/images/button_next.gif" is in the cache already and will not be downloaded again  	[MsgId: MMSG-26655]
ScriptBuy.h(52): Registered web_reg_find successful for "Text=Flight departing from <B>San Francisco</B> to <B>Frankfurt</B>" (count=1)  	[MsgId: MMSG-26364]
ScriptBuy.h(52): web_submit_data("reservations.pl") was successful, 3623 body bytes, 255 header bytes, 12 chunking overhead bytes  	[MsgId: MMSG-26385]
ScriptBuy.h(80): web_reg_find started  	[MsgId: MMSG-26355]
ScriptBuy.h(80): Registering web_reg_find was successful  	[MsgId: MMSG-26390]
ScriptBuy.h(83): web_reg_find started  	[MsgId: MMSG-26355]
ScriptBuy.h(83): Registering web_reg_find was successful  	[MsgId: MMSG-26390]
ScriptBuy.h(86): web_reg_find started  	[MsgId: MMSG-26355]
ScriptBuy.h(86): Registering web_reg_find was successful  	[MsgId: MMSG-26390]
ScriptBuy.h(90): outboundFlight  - 610;808;07/19/2020
ScriptBuy.h(92): web_submit_data("reservations.pl_2") started  	[MsgId: MMSG-26355]
ScriptBuy.h(92): Resource "http://localhost:1080/WebTours/images/button_next.gif" is in the cache already and will not be downloaded again  	[MsgId: MMSG-26655]
ScriptBuy.h(92): Registered web_reg_find successful for "Text=Flight Reservation" (count=1)  	[MsgId: MMSG-26364]
ScriptBuy.h(92): Registered web_reg_find successful for "Text=Kulikovskaya" (count=2)  	[MsgId: MMSG-26364]
ScriptBuy.h(92): Registered web_reg_find successful for "Text=Yuriy" (count=2)  	[MsgId: MMSG-26364]
ScriptBuy.h(92): web_submit_data("reservations.pl_2") was successful, 2779 body bytes, 255 header bytes, 12 chunking overhead bytes  	[MsgId: MMSG-26385]
ScriptBuy.h(115): web_reg_find started  	[MsgId: MMSG-26355]
ScriptBuy.h(115): Registering web_reg_find was successful  	[MsgId: MMSG-26390]
ScriptBuy.h(118): web_reg_find started  	[MsgId: MMSG-26355]
ScriptBuy.h(118): Registering web_reg_find was successful  	[MsgId: MMSG-26390]
ScriptBuy.h(122): web_submit_data("reservations.pl_8") started  	[MsgId: MMSG-26355]
ScriptBuy.h(122): Resource "http://localhost:1080/WebTours/images/bookanother.gif" is in the cache already and will not be downloaded again  	[MsgId: MMSG-26655]
ScriptBuy.h(122): Registered web_reg_find successful for "Text=Thank you for booking through Web Tours." (count=1)  	[MsgId: MMSG-26364]
ScriptBuy.h(122): Registered web_reg_find successful for "Text=from San Francisco to Frankfurt." (count=1)  	[MsgId: MMSG-26364]
ScriptBuy.h(122): web_submit_data("reservations.pl_8") was successful, 2596 body bytes, 425 header bytes, 12 chunking overhead bytes  	[MsgId: MMSG-26385]
ScriptBuy.h(152): kulikovskaya
ScriptBuy.h(153): Makar
ScriptBuy.h(154): Arefin
Action1.c(14): 2
ScriptBuy.h(5): web_reg_find started  	[MsgId: MMSG-26355]
ScriptBuy.h(5): Registering web_reg_find was successful  	[MsgId: MMSG-26390]
ScriptBuy.h(7): web_url("welcome.pl") started  	[MsgId: MMSG-26355]
ScriptBuy.h(7): Detected non-resource "http://localhost:1080/cgi-bin/nav.pl?page=menu&in=flights" in "http://localhost:1080/cgi-bin/welcome.pl?page=search"  	[MsgId: MMSG-26574]
ScriptBuy.h(7): Detected non-resource "http://localhost:1080/cgi-bin/reservations.pl?page=welcome" in "http://localhost:1080/cgi-bin/welcome.pl?page=search"  	[MsgId: MMSG-26574]
ScriptBuy.h(7): Resource "http://localhost:1080/WebTours/images/in_flights.gif" is in the cache already and will not be downloaded again  	[MsgId: MMSG-26655]
ScriptBuy.h(7): Resource "http://localhost:1080/WebTours/images/itinerary.gif" is in the cache already and will not be downloaded again  	[MsgId: MMSG-26655]
ScriptBuy.h(7): Resource "http://localhost:1080/WebTours/images/home.gif" is in the cache already and will not be downloaded again  	[MsgId: MMSG-26655]
ScriptBuy.h(7): Resource "http://localhost:1080/WebTours/images/signoff.gif" is in the cache already and will not be downloaded again  	[MsgId: MMSG-26655]
ScriptBuy.h(7): Resource "http://localhost:1080/WebTours/images/button_next.gif" is in the cache already and will not be downloaded again  	[MsgId: MMSG-26655]
ScriptBuy.h(7): Registered web_reg_find successful for "Text=Find Flight" (count=1)  	[MsgId: MMSG-26364]
ScriptBuy.h(7): web_url("welcome.pl") was successful, 6344 body bytes, 725 header bytes, 43 chunking overhead bytes  	[MsgId: MMSG-26385]
ScriptBuy.h(21): web_reg_find started  	[MsgId: MMSG-26355]
ScriptBuy.h(21): Registering web_reg_find was successful  	[MsgId: MMSG-26390]
ScriptBuy.h(30): web_reg_save_param_attrib started  	[MsgId: MMSG-26355]
ScriptBuy.h(30): Registering web_reg_save_param_attrib was successful  	[MsgId: MMSG-26390]
ScriptBuy.h(41): web_reg_save_param_attrib started  	[MsgId: MMSG-26355]
ScriptBuy.h(41): Registering web_reg_save_param_attrib was successful  	[MsgId: MMSG-26390]
ScriptBuy.h(52): web_submit_data("reservations.pl") started  	[MsgId: MMSG-26355]
ScriptBuy.h(52): Resource "http://localhost:1080/WebTours/images/button_next.gif" is in the cache already and will not be downloaded again  	[MsgId: MMSG-26655]
ScriptBuy.h(52): Registered web_reg_find successful for "Text=Flight departing from <B>San Francisco</B> to <B>Frankfurt</B>" (count=1)  	[MsgId: MMSG-26364]
ScriptBuy.h(52): web_submit_data("reservations.pl") was successful, 3623 body bytes, 255 header bytes, 12 chunking overhead bytes  	[MsgId: MMSG-26385]
ScriptBuy.h(80): web_reg_find started  	[MsgId: MMSG-26355]
ScriptBuy.h(80): Registering web_reg_find was successful  	[MsgId: MMSG-26390]
ScriptBuy.h(83): web_reg_find started  	[MsgId: MMSG-26355]
ScriptBuy.h(83): Registering web_reg_find was successful  	[MsgId: MMSG-26390]
ScriptBuy.h(86): web_reg_find started  	[MsgId: MMSG-26355]
ScriptBuy.h(86): Registering web_reg_find was successful  	[MsgId: MMSG-26390]
ScriptBuy.h(90): outboundFlight  - 610;808;07/19/2020
ScriptBuy.h(92): web_submit_data("reservations.pl_2") started  	[MsgId: MMSG-26355]
ScriptBuy.h(92): Resource "http://localhost:1080/WebTours/images/button_next.gif" is in the cache already and will not be downloaded again  	[MsgId: MMSG-26655]
ScriptBuy.h(92): Registered web_reg_find successful for "Text=Flight Reservation" (count=1)  	[MsgId: MMSG-26364]
ScriptBuy.h(92): Registered web_reg_find successful for "Text=Kulikovskaya" (count=2)  	[MsgId: MMSG-26364]
ScriptBuy.h(92): Registered web_reg_find successful for "Text=Yuriy" (count=2)  	[MsgId: MMSG-26364]
ScriptBuy.h(92): web_submit_data("reservations.pl_2") was successful, 2779 body bytes, 255 header bytes, 12 chunking overhead bytes  	[MsgId: MMSG-26385]
ScriptBuy.h(115): web_reg_find started  	[MsgId: MMSG-26355]
ScriptBuy.h(115): Registering web_reg_find was successful  	[MsgId: MMSG-26390]
ScriptBuy.h(118): web_reg_find started  	[MsgId: MMSG-26355]
ScriptBuy.h(118): Registering web_reg_find was successful  	[MsgId: MMSG-26390]
ScriptBuy.h(122): web_submit_data("reservations.pl_8") started  	[MsgId: MMSG-26355]
ScriptBuy.h(122): Resource "http://localhost:1080/WebTours/images/bookanother.gif" is in the cache already and will not be downloaded again  	[MsgId: MMSG-26655]
ScriptBuy.h(122): Registered web_reg_find successful for "Text=Thank you for booking through Web Tours." (count=1)  	[MsgId: MMSG-26364]
ScriptBuy.h(122): Registered web_reg_find successful for "Text=from San Francisco to Frankfurt." (count=1)  	[MsgId: MMSG-26364]
ScriptBuy.h(122): web_submit_data("reservations.pl_8") was successful, 2596 body bytes, 425 header bytes, 12 chunking overhead bytes  	[MsgId: MMSG-26385]
ScriptBuy.h(152): kulikovskaya
ScriptBuy.h(153): Makar
ScriptBuy.h(154): Arefin
Action1.c(14): 3
ScriptBuy.h(227): web_reg_find started  	[MsgId: MMSG-26355]
ScriptBuy.h(227): Registering web_reg_find was successful  	[MsgId: MMSG-26390]
ScriptBuy.h(229): web_url("welcome.pl") started  	[MsgId: MMSG-26355]
ScriptBuy.h(229): Detected non-resource "http://localhost:1080/cgi-bin/nav.pl?in=home" in "http://localhost:1080/cgi-bin/welcome.pl?signOff=1"  	[MsgId: MMSG-26574]
ScriptBuy.h(229): Detected non-resource "http://localhost:1080/WebTours/home.html" in "http://localhost:1080/cgi-bin/welcome.pl?signOff=1"  	[MsgId: MMSG-26574]
ScriptBuy.h(229): Retrieving data from cache for "http://localhost:1080/WebTours/home.html"  	[MsgId: MMSG-26558]
ScriptBuy.h(229): Resource "http://localhost:1080/WebTours/images/mer_login.gif" is in the cache already and will not be downloaded again  	[MsgId: MMSG-26655]
ScriptBuy.h(229): Registered web_reg_find successful for "Text=To make reservations,please enter your account information to the left." (count=1)  	[MsgId: MMSG-26364]
ScriptBuy.h(229): web_url("welcome.pl") was successful, 2170 body bytes, 582 header bytes, 24 chunking overhead bytes  	[MsgId: MMSG-26385]
Ending action Action1.
Ending iteration 54.
Ending Vuser...
Starting action vuser_end.
Ending action vuser_end.
Vuser Terminated.
