Start auto log messages stack.	[MsgId: MMSG-10546]
Ending iteration 1.	[MsgId: MMSG-15965]
Starting iteration 2.	[MsgId: MMSG-15968]
Error: Parameter 'User_Login': No more unique values for this parameter in table 'loginNamePass.dat' [unique range is 1-1]. The Vuser is aborted according to "When Out Of Values" policy.	[MsgId: MERR-13870]
End auto log messages stack.	[MsgId: MMSG-10544]


Start auto log messages stack.	[MsgId: MMSG-10546]
Ending iteration 1.	[MsgId: MMSG-15965]
Starting iteration 2.	[MsgId: MMSG-15968]
Error: Parameter 'User_Login': No more unique values for this parameter in table 'loginNamePass.dat' [unique range is 2-2]. The Vuser is aborted according to "When Out Of Values" policy.	[MsgId: MERR-13870]
End auto log messages stack.	[MsgId: MMSG-10544]


Start auto log messages stack.	[MsgId: MMSG-10546]
Ending iteration 1.	[MsgId: MMSG-15965]
Starting iteration 2.	[MsgId: MMSG-15968]
Error: Parameter 'User_Login': No more unique values for this parameter in table 'loginNamePass.dat' [unique range is 3-3]. The Vuser is aborted according to "When Out Of Values" policy.	[MsgId: MERR-13870]
End auto log messages stack.	[MsgId: MMSG-10544]


Start auto log messages stack.	[MsgId: MMSG-10546]
Ending iteration 1.	[MsgId: MMSG-15965]
Starting iteration 2.	[MsgId: MMSG-15968]
Error: Parameter 'User_Login': No more unique values for this parameter in table 'loginNamePass.dat' [unique range is 4-4]. The Vuser is aborted according to "When Out Of Values" policy.	[MsgId: MERR-13870]
End auto log messages stack.	[MsgId: MMSG-10544]


Start auto log messages stack.	[MsgId: MMSG-10546]
Ending iteration 1.	[MsgId: MMSG-15965]
Starting iteration 2.	[MsgId: MMSG-15968]
Error: Parameter 'User_Login': No more unique values for this parameter in table 'loginNamePass.dat' [unique range is 5-5]. The Vuser is aborted according to "When Out Of Values" policy.	[MsgId: MERR-13870]
End auto log messages stack.	[MsgId: MMSG-10544]


Start auto log messages stack.	[MsgId: MMSG-10546]
Ending iteration 1.	[MsgId: MMSG-15965]
Starting iteration 2.	[MsgId: MMSG-15968]
Error: Parameter 'User_Login': No more unique values for this parameter in table 'loginNamePass.dat' [unique range is 6-6]. The Vuser is aborted according to "When Out Of Values" policy.	[MsgId: MERR-13870]
End auto log messages stack.	[MsgId: MMSG-10544]


Start auto log messages stack.	[MsgId: MMSG-10546]
Ending iteration 1.	[MsgId: MMSG-15965]
Starting iteration 2.	[MsgId: MMSG-15968]
Error: Parameter 'User_Login': No more unique values for this parameter in table 'loginNamePass.dat' [unique range is 7-7]. The Vuser is aborted according to "When Out Of Values" policy.	[MsgId: MERR-13870]
End auto log messages stack.	[MsgId: MMSG-10544]


Start auto log messages stack.	[MsgId: MMSG-10546]
Ending iteration 1.	[MsgId: MMSG-15965]
Starting iteration 2.	[MsgId: MMSG-15968]
Error: Parameter 'User_Login': No more unique values for this parameter in table 'loginNamePass.dat' [unique range is 8-8]. The Vuser is aborted according to "When Out Of Values" policy.	[MsgId: MERR-13870]
End auto log messages stack.	[MsgId: MMSG-10544]


Start auto log messages stack.	[MsgId: MMSG-10546]
Ending iteration 1.	[MsgId: MMSG-15965]
Starting iteration 2.	[MsgId: MMSG-15968]
Error: Parameter 'User_Login': No more unique values for this parameter in table 'loginNamePass.dat' [unique range is 9-9]. The Vuser is aborted according to "When Out Of Values" policy.	[MsgId: MERR-13870]
End auto log messages stack.	[MsgId: MMSG-10544]


Start auto log messages stack.	[MsgId: MMSG-10546]
Ending iteration 1.	[MsgId: MMSG-15965]
Starting iteration 2.	[MsgId: MMSG-15968]
Error: Parameter 'User_Login': No more unique values for this parameter in table 'loginNamePass.dat' [unique range is 10-10]. The Vuser is aborted according to "When Out Of Values" policy.	[MsgId: MERR-13870]
End auto log messages stack.	[MsgId: MMSG-10544]


Start auto log messages stack.	[MsgId: MMSG-10546]
Ending iteration 1.	[MsgId: MMSG-15965]
Starting iteration 2.	[MsgId: MMSG-15968]
Error: Parameter 'User_Login': No more unique values for this parameter in table 'loginNamePass.dat' [unique range is 11-11]. The Vuser is aborted according to "When Out Of Values" policy.	[MsgId: MERR-13870]
End auto log messages stack.	[MsgId: MMSG-10544]


Start auto log messages stack.	[MsgId: MMSG-10546]
Ending iteration 1.	[MsgId: MMSG-15965]
Starting iteration 2.	[MsgId: MMSG-15968]
Error: Parameter 'User_Login': No more unique values for this parameter in table 'loginNamePass.dat' [unique range is 12-12]. The Vuser is aborted according to "When Out Of Values" policy.	[MsgId: MERR-13870]
End auto log messages stack.	[MsgId: MMSG-10544]


Start auto log messages stack.	[MsgId: MMSG-10546]
Ending iteration 1.	[MsgId: MMSG-15965]
Starting iteration 2.	[MsgId: MMSG-15968]
Error: Parameter 'User_Login': No more unique values for this parameter in table 'loginNamePass.dat' [unique range is 13-13]. The Vuser is aborted according to "When Out Of Values" policy.	[MsgId: MERR-13870]
End auto log messages stack.	[MsgId: MMSG-10544]


Start auto log messages stack.	[MsgId: MMSG-10546]
Ending iteration 1.	[MsgId: MMSG-15965]
Starting iteration 2.	[MsgId: MMSG-15968]
Error: Parameter 'User_Login': No more unique values for this parameter in table 'loginNamePass.dat' [unique range is 14-14]. The Vuser is aborted according to "When Out Of Values" policy.	[MsgId: MERR-13870]
End auto log messages stack.	[MsgId: MMSG-10544]


Start auto log messages stack.	[MsgId: MMSG-10546]
Ending iteration 1.	[MsgId: MMSG-15965]
Starting iteration 2.	[MsgId: MMSG-15968]
Error: Parameter 'User_Login': No more unique values for this parameter in table 'loginNamePass.dat' [unique range is 15-15]. The Vuser is aborted according to "When Out Of Values" policy.	[MsgId: MERR-13870]
End auto log messages stack.	[MsgId: MMSG-10544]


Start auto log messages stack.	[MsgId: MMSG-10546]
Ending iteration 1.	[MsgId: MMSG-15965]
Starting iteration 2.	[MsgId: MMSG-15968]
Error: Parameter 'User_Login': No more unique values for this parameter in table 'loginNamePass.dat' [unique range is 16-16]. The Vuser is aborted according to "When Out Of Values" policy.	[MsgId: MERR-13870]
End auto log messages stack.	[MsgId: MMSG-10544]


Start auto log messages stack.	[MsgId: MMSG-10546]
Ending iteration 1.	[MsgId: MMSG-15965]
Starting iteration 2.	[MsgId: MMSG-15968]
Error: Parameter 'User_Login': No more unique values for this parameter in table 'loginNamePass.dat' [unique range is 17-17]. The Vuser is aborted according to "When Out Of Values" policy.	[MsgId: MERR-13870]
End auto log messages stack.	[MsgId: MMSG-10544]


Start auto log messages stack.	[MsgId: MMSG-10546]
Ending iteration 1.	[MsgId: MMSG-15965]
Starting iteration 2.	[MsgId: MMSG-15968]
Error: Parameter 'User_Login': No more unique values for this parameter in table 'loginNamePass.dat' [unique range is 18-18]. The Vuser is aborted according to "When Out Of Values" policy.	[MsgId: MERR-13870]
End auto log messages stack.	[MsgId: MMSG-10544]


Start auto log messages stack.	[MsgId: MMSG-10546]
Ending iteration 1.	[MsgId: MMSG-15965]
Starting iteration 2.	[MsgId: MMSG-15968]
Error: Parameter 'User_Login': No more unique values for this parameter in table 'loginNamePass.dat' [unique range is 19-19]. The Vuser is aborted according to "When Out Of Values" policy.	[MsgId: MERR-13870]
End auto log messages stack.	[MsgId: MMSG-10544]


Start auto log messages stack.	[MsgId: MMSG-10546]
Ending iteration 1.	[MsgId: MMSG-15965]
Starting iteration 2.	[MsgId: MMSG-15968]
Error: Parameter 'User_Login': No more unique values for this parameter in table 'loginNamePass.dat' [unique range is 20-20]. The Vuser is aborted according to "When Out Of Values" policy.	[MsgId: MERR-13870]
End auto log messages stack.	[MsgId: MMSG-10544]


Start auto log messages stack.	[MsgId: MMSG-10546]
Ending iteration 1.	[MsgId: MMSG-15965]
Starting iteration 2.	[MsgId: MMSG-15968]
Error: Parameter 'User_Login': No more unique values for this parameter in table 'loginNamePass.dat' [unique range is 21-21]. The Vuser is aborted according to "When Out Of Values" policy.	[MsgId: MERR-13870]
End auto log messages stack.	[MsgId: MMSG-10544]


Start auto log messages stack.	[MsgId: MMSG-10546]
Ending iteration 1.	[MsgId: MMSG-15965]
Starting iteration 2.	[MsgId: MMSG-15968]
Error: Parameter 'User_Login': No more unique values for this parameter in table 'loginNamePass.dat' [unique range is 22-22]. The Vuser is aborted according to "When Out Of Values" policy.	[MsgId: MERR-13870]
End auto log messages stack.	[MsgId: MMSG-10544]


Start auto log messages stack.	[MsgId: MMSG-10546]
Ending iteration 1.	[MsgId: MMSG-15965]
Starting iteration 2.	[MsgId: MMSG-15968]
Error: Parameter 'User_Login': No more unique values for this parameter in table 'loginNamePass.dat' [unique range is 24-24]. The Vuser is aborted according to "When Out Of Values" policy.	[MsgId: MERR-13870]
End auto log messages stack.	[MsgId: MMSG-10544]


Start auto log messages stack.	[MsgId: MMSG-10546]
Ending iteration 1.	[MsgId: MMSG-15965]
Starting iteration 2.	[MsgId: MMSG-15968]
Error: Parameter 'User_Login': No more unique values for this parameter in table 'loginNamePass.dat' [unique range is 23-23]. The Vuser is aborted according to "When Out Of Values" policy.	[MsgId: MERR-13870]
End auto log messages stack.	[MsgId: MMSG-10544]


Start auto log messages stack.	[MsgId: MMSG-10546]
Ending iteration 1.	[MsgId: MMSG-15965]
Starting iteration 2.	[MsgId: MMSG-15968]
Error: Parameter 'User_Login': No more unique values for this parameter in table 'loginNamePass.dat' [unique range is 25-25]. The Vuser is aborted according to "When Out Of Values" policy.	[MsgId: MERR-13870]
End auto log messages stack.	[MsgId: MMSG-10544]
Start auto log messages stack.	[MsgId: MMSG-10546]


Ending iteration 1.	[MsgId: MMSG-15965]
Starting iteration 2.	[MsgId: MMSG-15968]
Error: Parameter 'User_Login': No more unique values for this parameter in table 'loginNamePass.dat' [unique range is 26-26]. The Vuser is aborted according to "When Out Of Values" policy.	[MsgId: MERR-13870]
End auto log messages stack.	[MsgId: MMSG-10544]


Start auto log messages stack.	[MsgId: MMSG-10546]
Ending iteration 1.	[MsgId: MMSG-15965]
Starting iteration 2.	[MsgId: MMSG-15968]
Error: Parameter 'User_Login': No more unique values for this parameter in table 'loginNamePass.dat' [unique range is 28-28]. The Vuser is aborted according to "When Out Of Values" policy.	[MsgId: MERR-13870]
End auto log messages stack.	[MsgId: MMSG-10544]


Start auto log messages stack.	[MsgId: MMSG-10546]
Ending iteration 1.	[MsgId: MMSG-15965]
Starting iteration 2.	[MsgId: MMSG-15968]
Error: Parameter 'User_Login': No more unique values for this parameter in table 'loginNamePass.dat' [unique range is 27-27]. The Vuser is aborted according to "When Out Of Values" policy.	[MsgId: MERR-13870]
End auto log messages stack.	[MsgId: MMSG-10544]


Start auto log messages stack.	[MsgId: MMSG-10546]
Ending iteration 1.	[MsgId: MMSG-15965]
Starting iteration 2.	[MsgId: MMSG-15968]
Error: Parameter 'User_Login': No more unique values for this parameter in table 'loginNamePass.dat' [unique range is 30-30]. The Vuser is aborted according to "When Out Of Values" policy.	[MsgId: MERR-13870]
End auto log messages stack.	[MsgId: MMSG-10544]


Start auto log messages stack.	[MsgId: MMSG-10546]
Ending iteration 1.	[MsgId: MMSG-15965]
Starting iteration 2.	[MsgId: MMSG-15968]
Error: Parameter 'User_Login': No more unique values for this parameter in table 'loginNamePass.dat' [unique range is 29-29]. The Vuser is aborted according to "When Out Of Values" policy.	[MsgId: MERR-13870]
End auto log messages stack.	[MsgId: MMSG-10544]


